The target system is: Generic - 2.1.0 - x86
The host system is: Linux - 4.15.0-99-generic - x86_64
Compiling the C compiler identification source file "CMakeCCompilerId.c" succeeded.
Compiler: /usr/local/src/llvm/build/bin/clang 
Build flags: 
Id flags:  

The output was:
0


Compilation of the C compiler identification source "CMakeCCompilerId.c" produced "a.out"

The C compiler identification is Clang, found in "/home/lt/zephyrproject2.1/zephyr/samples/gui/lvgl/build/CMakeFiles/3.15.5/CompilerIdC/a.out"

Compiling the CXX compiler identification source file "CMakeCXXCompilerId.cpp" succeeded.
Compiler: /usr/local/src/llvm/build/bin/clang++ 
Build flags: 
Id flags:  

The output was:
0


Compilation of the CXX compiler identification source "CMakeCXXCompilerId.cpp" produced "a.out"

The CXX compiler identification is Clang, found in "/home/lt/zephyrproject2.1/zephyr/samples/gui/lvgl/build/CMakeFiles/3.15.5/CompilerIdCXX/a.out"

Checking whether the ASM compiler is Clang using "--version" matched "(clang version)":
clang version 9.0.0 (tags/RELEASE_900/final)
Target: x86_64-unknown-linux-gnu
Thread model: posix
InstalledDir: /usr/local/src/llvm/build/bin
Performing C SOURCE FILE Test check_C__nostartfiles__nostdlib__isystem__usr_local_src_llvm_build_lib_clang_9_0_0_include__isystem__usr_lib_gcc_x86_64_linux_gnu_7_5_0_include_fixed__Wl___unresolved_symbols_ignore_in_object_files succeeded with the following output:
Change Dir: /home/lt/zephyrproject2.1/zephyr/samples/gui/lvgl/build/CMakeFiles/CMakeTmp

Run Build Command(s):/usr/bin/make cmTC_61093/fast && /usr/bin/make -f CMakeFiles/cmTC_61093.dir/build.make CMakeFiles/cmTC_61093.dir/build
make[1]: Entering directory '/home/lt/zephyrproject2.1/zephyr/samples/gui/lvgl/build/CMakeFiles/CMakeTmp'
Building C object CMakeFiles/cmTC_61093.dir/src.c.obj
/usr/local/src/llvm/build/bin/clang --target=i686-pc-none-elf   -Dcheck_C__nostartfiles__nostdlib__isystem__usr_local_src_llvm_build_lib_clang_9_0_0_include__isystem__usr_lib_gcc_x86_64_linux_gnu_7_5_0_include_fixed__Wl___unresolved_symbols_ignore_in_object_files -nostartfiles -nostdlib -isystem /usr/local/src/llvm/build/lib/clang/9.0.0/include -isystem /usr/lib/gcc/x86_64-linux-gnu/7.5.0/include-fixed -Wl,--unresolved-symbols=ignore-in-object-files   -o CMakeFiles/cmTC_61093.dir/src.c.obj   -c /home/lt/zephyrproject2.1/zephyr/samples/gui/lvgl/build/CMakeFiles/CMakeTmp/src.c
clang-9: warning: -Wl,--unresolved-symbols=ignore-in-object-files: 'linker' input unused [-Wunused-command-line-argument]
clang-9: warning: argument unused during compilation: '-nostartfiles' [-Wunused-command-line-argument]
Linking C executable cmTC_61093
/usr/local/bin/cmake -E cmake_link_script CMakeFiles/cmTC_61093.dir/link.txt --verbose=1
/usr/local/src/llvm/build/bin/clang --target=i686-pc-none-elf  -Dcheck_C__nostartfiles__nostdlib__isystem__usr_local_src_llvm_build_lib_clang_9_0_0_include__isystem__usr_lib_gcc_x86_64_linux_gnu_7_5_0_include_fixed__Wl___unresolved_symbols_ignore_in_object_files -nostartfiles -nostdlib -isystem /usr/local/src/llvm/build/lib/clang/9.0.0/include -isystem /usr/lib/gcc/x86_64-linux-gnu/7.5.0/include-fixed -Wl,--unresolved-symbols=ignore-in-object-files    CMakeFiles/cmTC_61093.dir/src.c.obj  -o cmTC_61093 
/usr/bin/ld: warning: cannot find entry symbol _start; defaulting to 00000000000001a0
make[1]: Leaving directory '/home/lt/zephyrproject2.1/zephyr/samples/gui/lvgl/build/CMakeFiles/CMakeTmp'


Source file was:
int main(void) { return 0; }
Performing C SOURCE FILE Test check_C__nostartfiles__nostdlib__isystem__usr_local_src_llvm_build_lib_clang_9_0_0_include__isystem__usr_lib_gcc_x86_64_linux_gnu_7_5_0_include_fixed__Wl___unresolved_symbols_ignore_in_object_files__Wl___gc_sections succeeded with the following output:
Change Dir: /home/lt/zephyrproject2.1/zephyr/samples/gui/lvgl/build/CMakeFiles/CMakeTmp

Run Build Command(s):/usr/bin/make cmTC_fa150/fast && /usr/bin/make -f CMakeFiles/cmTC_fa150.dir/build.make CMakeFiles/cmTC_fa150.dir/build
make[1]: Entering directory '/home/lt/zephyrproject2.1/zephyr/samples/gui/lvgl/build/CMakeFiles/CMakeTmp'
Building C object CMakeFiles/cmTC_fa150.dir/src.c.obj
/usr/local/src/llvm/build/bin/clang --target=i686-pc-none-elf   -Dcheck_C__nostartfiles__nostdlib__isystem__usr_local_src_llvm_build_lib_clang_9_0_0_include__isystem__usr_lib_gcc_x86_64_linux_gnu_7_5_0_include_fixed__Wl___unresolved_symbols_ignore_in_object_files__Wl___gc_sections -nostartfiles -nostdlib -isystem /usr/local/src/llvm/build/lib/clang/9.0.0/include -isystem /usr/lib/gcc/x86_64-linux-gnu/7.5.0/include-fixed -Wl,--unresolved-symbols=ignore-in-object-files -Wl,--gc-sections   -o CMakeFiles/cmTC_fa150.dir/src.c.obj   -c /home/lt/zephyrproject2.1/zephyr/samples/gui/lvgl/build/CMakeFiles/CMakeTmp/src.c
clang-9: warning: -Wl,--unresolved-symbols=ignore-in-object-files: 'linker' input unused [-Wunused-command-line-argument]
clang-9: warning: -Wl,--gc-sections: 'linker' input unused [-Wunused-command-line-argument]
clang-9: warning: argument unused during compilation: '-nostartfiles' [-Wunused-command-line-argument]
Linking C executable cmTC_fa150
/usr/local/bin/cmake -E cmake_link_script CMakeFiles/cmTC_fa150.dir/link.txt --verbose=1
/usr/local/src/llvm/build/bin/clang --target=i686-pc-none-elf  -Dcheck_C__nostartfiles__nostdlib__isystem__usr_local_src_llvm_build_lib_clang_9_0_0_include__isystem__usr_lib_gcc_x86_64_linux_gnu_7_5_0_include_fixed__Wl___unresolved_symbols_ignore_in_object_files__Wl___gc_sections -nostartfiles -nostdlib -isystem /usr/local/src/llvm/build/lib/clang/9.0.0/include -isystem /usr/lib/gcc/x86_64-linux-gnu/7.5.0/include-fixed -Wl,--unresolved-symbols=ignore-in-object-files -Wl,--gc-sections    CMakeFiles/cmTC_fa150.dir/src.c.obj  -o cmTC_fa150 
/usr/bin/ld: warning: cannot find entry symbol _start; not setting start address
make[1]: Leaving directory '/home/lt/zephyrproject2.1/zephyr/samples/gui/lvgl/build/CMakeFiles/CMakeTmp'


Source file was:
int main(void) { return 0; }
Performing C SOURCE FILE Test check_C__nostartfiles__nostdlib__isystem__usr_local_src_llvm_build_lib_clang_9_0_0_include__isystem__usr_lib_gcc_x86_64_linux_gnu_7_5_0_include_fixed__Wl___unresolved_symbols_ignore_in_object_files__Wl___build_id_none succeeded with the following output:
Change Dir: /home/lt/zephyrproject2.1/zephyr/samples/gui/lvgl/build/CMakeFiles/CMakeTmp

Run Build Command(s):/usr/bin/make cmTC_06539/fast && /usr/bin/make -f CMakeFiles/cmTC_06539.dir/build.make CMakeFiles/cmTC_06539.dir/build
make[1]: Entering directory '/home/lt/zephyrproject2.1/zephyr/samples/gui/lvgl/build/CMakeFiles/CMakeTmp'
Building C object CMakeFiles/cmTC_06539.dir/src.c.obj
/usr/local/src/llvm/build/bin/clang --target=i686-pc-none-elf   -Dcheck_C__nostartfiles__nostdlib__isystem__usr_local_src_llvm_build_lib_clang_9_0_0_include__isystem__usr_lib_gcc_x86_64_linux_gnu_7_5_0_include_fixed__Wl___unresolved_symbols_ignore_in_object_files__Wl___build_id_none -nostartfiles -nostdlib -isystem /usr/local/src/llvm/build/lib/clang/9.0.0/include -isystem /usr/lib/gcc/x86_64-linux-gnu/7.5.0/include-fixed -Wl,--unresolved-symbols=ignore-in-object-files -Wl,--build-id=none   -o CMakeFiles/cmTC_06539.dir/src.c.obj   -c /home/lt/zephyrproject2.1/zephyr/samples/gui/lvgl/build/CMakeFiles/CMakeTmp/src.c
clang-9: warning: -Wl,--unresolved-symbols=ignore-in-object-files: 'linker' input unused [-Wunused-command-line-argument]
clang-9: warning: -Wl,--build-id=none: 'linker' input unused [-Wunused-command-line-argument]
clang-9: warning: argument unused during compilation: '-nostartfiles' [-Wunused-command-line-argument]
Linking C executable cmTC_06539
/usr/local/bin/cmake -E cmake_link_script CMakeFiles/cmTC_06539.dir/link.txt --verbose=1
/usr/local/src/llvm/build/bin/clang --target=i686-pc-none-elf  -Dcheck_C__nostartfiles__nostdlib__isystem__usr_local_src_llvm_build_lib_clang_9_0_0_include__isystem__usr_lib_gcc_x86_64_linux_gnu_7_5_0_include_fixed__Wl___unresolved_symbols_ignore_in_object_files__Wl___build_id_none -nostartfiles -nostdlib -isystem /usr/local/src/llvm/build/lib/clang/9.0.0/include -isystem /usr/lib/gcc/x86_64-linux-gnu/7.5.0/include-fixed -Wl,--unresolved-symbols=ignore-in-object-files -Wl,--build-id=none    CMakeFiles/cmTC_06539.dir/src.c.obj  -o cmTC_06539 
/usr/bin/ld: warning: cannot find entry symbol _start; defaulting to 0000000000000160
make[1]: Leaving directory '/home/lt/zephyrproject2.1/zephyr/samples/gui/lvgl/build/CMakeFiles/CMakeTmp'


Source file was:
int main(void) { return 0; }
Performing C SOURCE FILE Test check_C__nostartfiles__nostdlib__isystem__usr_local_src_llvm_build_lib_clang_9_0_0_include__isystem__usr_lib_gcc_x86_64_linux_gnu_7_5_0_include_fixed__Wl___unresolved_symbols_ignore_in_object_files__Wl___sort_common_descending succeeded with the following output:
Change Dir: /home/lt/zephyrproject2.1/zephyr/samples/gui/lvgl/build/CMakeFiles/CMakeTmp

Run Build Command(s):/usr/bin/make cmTC_2c742/fast && /usr/bin/make -f CMakeFiles/cmTC_2c742.dir/build.make CMakeFiles/cmTC_2c742.dir/build
make[1]: Entering directory '/home/lt/zephyrproject2.1/zephyr/samples/gui/lvgl/build/CMakeFiles/CMakeTmp'
Building C object CMakeFiles/cmTC_2c742.dir/src.c.obj
/usr/local/src/llvm/build/bin/clang --target=i686-pc-none-elf   -Dcheck_C__nostartfiles__nostdlib__isystem__usr_local_src_llvm_build_lib_clang_9_0_0_include__isystem__usr_lib_gcc_x86_64_linux_gnu_7_5_0_include_fixed__Wl___unresolved_symbols_ignore_in_object_files__Wl___sort_common_descending -nostartfiles -nostdlib -isystem /usr/local/src/llvm/build/lib/clang/9.0.0/include -isystem /usr/lib/gcc/x86_64-linux-gnu/7.5.0/include-fixed -Wl,--unresolved-symbols=ignore-in-object-files -Wl,--sort-common=descending   -o CMakeFiles/cmTC_2c742.dir/src.c.obj   -c /home/lt/zephyrproject2.1/zephyr/samples/gui/lvgl/build/CMakeFiles/CMakeTmp/src.c
clang-9: warning: -Wl,--unresolved-symbols=ignore-in-object-files: 'linker' input unused [-Wunused-command-line-argument]
clang-9: warning: -Wl,--sort-common=descending: 'linker' input unused [-Wunused-command-line-argument]
clang-9: warning: argument unused during compilation: '-nostartfiles' [-Wunused-command-line-argument]
Linking C executable cmTC_2c742
/usr/local/bin/cmake -E cmake_link_script CMakeFiles/cmTC_2c742.dir/link.txt --verbose=1
/usr/local/src/llvm/build/bin/clang --target=i686-pc-none-elf  -Dcheck_C__nostartfiles__nostdlib__isystem__usr_local_src_llvm_build_lib_clang_9_0_0_include__isystem__usr_lib_gcc_x86_64_linux_gnu_7_5_0_include_fixed__Wl___unresolved_symbols_ignore_in_object_files__Wl___sort_common_descending -nostartfiles -nostdlib -isystem /usr/local/src/llvm/build/lib/clang/9.0.0/include -isystem /usr/lib/gcc/x86_64-linux-gnu/7.5.0/include-fixed -Wl,--unresolved-symbols=ignore-in-object-files -Wl,--sort-common=descending    CMakeFiles/cmTC_2c742.dir/src.c.obj  -o cmTC_2c742 
/usr/bin/ld: warning: cannot find entry symbol _start; defaulting to 00000000000001a0
make[1]: Leaving directory '/home/lt/zephyrproject2.1/zephyr/samples/gui/lvgl/build/CMakeFiles/CMakeTmp'


Source file was:
int main(void) { return 0; }
Performing C SOURCE FILE Test check_C__nostartfiles__nostdlib__isystem__usr_local_src_llvm_build_lib_clang_9_0_0_include__isystem__usr_lib_gcc_x86_64_linux_gnu_7_5_0_include_fixed__Wl___unresolved_symbols_ignore_in_object_files__Wl___sort_section_alignment succeeded with the following output:
Change Dir: /home/lt/zephyrproject2.1/zephyr/samples/gui/lvgl/build/CMakeFiles/CMakeTmp

Run Build Command(s):/usr/bin/make cmTC_b69d9/fast && /usr/bin/make -f CMakeFiles/cmTC_b69d9.dir/build.make CMakeFiles/cmTC_b69d9.dir/build
make[1]: Entering directory '/home/lt/zephyrproject2.1/zephyr/samples/gui/lvgl/build/CMakeFiles/CMakeTmp'
Building C object CMakeFiles/cmTC_b69d9.dir/src.c.obj
/usr/local/src/llvm/build/bin/clang --target=i686-pc-none-elf   -Dcheck_C__nostartfiles__nostdlib__isystem__usr_local_src_llvm_build_lib_clang_9_0_0_include__isystem__usr_lib_gcc_x86_64_linux_gnu_7_5_0_include_fixed__Wl___unresolved_symbols_ignore_in_object_files__Wl___sort_section_alignment -nostartfiles -nostdlib -isystem /usr/local/src/llvm/build/lib/clang/9.0.0/include -isystem /usr/lib/gcc/x86_64-linux-gnu/7.5.0/include-fixed -Wl,--unresolved-symbols=ignore-in-object-files -Wl,--sort-section=alignment   -o CMakeFiles/cmTC_b69d9.dir/src.c.obj   -c /home/lt/zephyrproject2.1/zephyr/samples/gui/lvgl/build/CMakeFiles/CMakeTmp/src.c
clang-9: warning: -Wl,--unresolved-symbols=ignore-in-object-files: 'linker' input unused [-Wunused-command-line-argument]
clang-9: warning: -Wl,--sort-section=alignment: 'linker' input unused [-Wunused-command-line-argument]
clang-9: warning: argument unused during compilation: '-nostartfiles' [-Wunused-command-line-argument]
Linking C executable cmTC_b69d9
/usr/local/bin/cmake -E cmake_link_script CMakeFiles/cmTC_b69d9.dir/link.txt --verbose=1
/usr/local/src/llvm/build/bin/clang --target=i686-pc-none-elf  -Dcheck_C__nostartfiles__nostdlib__isystem__usr_local_src_llvm_build_lib_clang_9_0_0_include__isystem__usr_lib_gcc_x86_64_linux_gnu_7_5_0_include_fixed__Wl___unresolved_symbols_ignore_in_object_files__Wl___sort_section_alignment -nostartfiles -nostdlib -isystem /usr/local/src/llvm/build/lib/clang/9.0.0/include -isystem /usr/lib/gcc/x86_64-linux-gnu/7.5.0/include-fixed -Wl,--unresolved-symbols=ignore-in-object-files -Wl,--sort-section=alignment    CMakeFiles/cmTC_b69d9.dir/src.c.obj  -o cmTC_b69d9 
/usr/bin/ld: warning: cannot find entry symbol _start; defaulting to 00000000000001a0
make[1]: Leaving directory '/home/lt/zephyrproject2.1/zephyr/samples/gui/lvgl/build/CMakeFiles/CMakeTmp'


Source file was:
int main(void) { return 0; }
Performing C SOURCE FILE Test check_C__nostartfiles__nostdlib__isystem__usr_local_src_llvm_build_lib_clang_9_0_0_include__isystem__usr_lib_gcc_x86_64_linux_gnu_7_5_0_include_fixed__Wl___unresolved_symbols_ignore_in_object_files__nostdlib succeeded with the following output:
Change Dir: /home/lt/zephyrproject2.1/zephyr/samples/gui/lvgl/build/CMakeFiles/CMakeTmp

Run Build Command(s):/usr/bin/make cmTC_48a69/fast && /usr/bin/make -f CMakeFiles/cmTC_48a69.dir/build.make CMakeFiles/cmTC_48a69.dir/build
make[1]: Entering directory '/home/lt/zephyrproject2.1/zephyr/samples/gui/lvgl/build/CMakeFiles/CMakeTmp'
Building C object CMakeFiles/cmTC_48a69.dir/src.c.obj
/usr/local/src/llvm/build/bin/clang --target=i686-pc-none-elf   -Dcheck_C__nostartfiles__nostdlib__isystem__usr_local_src_llvm_build_lib_clang_9_0_0_include__isystem__usr_lib_gcc_x86_64_linux_gnu_7_5_0_include_fixed__Wl___unresolved_symbols_ignore_in_object_files__nostdlib -nostartfiles -nostdlib -isystem /usr/local/src/llvm/build/lib/clang/9.0.0/include -isystem /usr/lib/gcc/x86_64-linux-gnu/7.5.0/include-fixed -Wl,--unresolved-symbols=ignore-in-object-files -nostdlib   -o CMakeFiles/cmTC_48a69.dir/src.c.obj   -c /home/lt/zephyrproject2.1/zephyr/samples/gui/lvgl/build/CMakeFiles/CMakeTmp/src.c
clang-9: warning: -Wl,--unresolved-symbols=ignore-in-object-files: 'linker' input unused [-Wunused-command-line-argument]
clang-9: warning: argument unused during compilation: '-nostartfiles' [-Wunused-command-line-argument]
Linking C executable cmTC_48a69
/usr/local/bin/cmake -E cmake_link_script CMakeFiles/cmTC_48a69.dir/link.txt --verbose=1
/usr/local/src/llvm/build/bin/clang --target=i686-pc-none-elf  -Dcheck_C__nostartfiles__nostdlib__isystem__usr_local_src_llvm_build_lib_clang_9_0_0_include__isystem__usr_lib_gcc_x86_64_linux_gnu_7_5_0_include_fixed__Wl___unresolved_symbols_ignore_in_object_files__nostdlib -nostartfiles -nostdlib -isystem /usr/local/src/llvm/build/lib/clang/9.0.0/include -isystem /usr/lib/gcc/x86_64-linux-gnu/7.5.0/include-fixed -Wl,--unresolved-symbols=ignore-in-object-files -nostdlib    CMakeFiles/cmTC_48a69.dir/src.c.obj  -o cmTC_48a69 
/usr/bin/ld: warning: cannot find entry symbol _start; defaulting to 00000000000001a0
make[1]: Leaving directory '/home/lt/zephyrproject2.1/zephyr/samples/gui/lvgl/build/CMakeFiles/CMakeTmp'


Source file was:
int main(void) { return 0; }
Performing C SOURCE FILE Test check_C__nostartfiles__nostdlib__isystem__usr_local_src_llvm_build_lib_clang_9_0_0_include__isystem__usr_lib_gcc_x86_64_linux_gnu_7_5_0_include_fixed__Wl___unresolved_symbols_ignore_in_object_files__static succeeded with the following output:
Change Dir: /home/lt/zephyrproject2.1/zephyr/samples/gui/lvgl/build/CMakeFiles/CMakeTmp

Run Build Command(s):/usr/bin/make cmTC_cc7fd/fast && /usr/bin/make -f CMakeFiles/cmTC_cc7fd.dir/build.make CMakeFiles/cmTC_cc7fd.dir/build
make[1]: Entering directory '/home/lt/zephyrproject2.1/zephyr/samples/gui/lvgl/build/CMakeFiles/CMakeTmp'
Building C object CMakeFiles/cmTC_cc7fd.dir/src.c.obj
/usr/local/src/llvm/build/bin/clang --target=i686-pc-none-elf   -Dcheck_C__nostartfiles__nostdlib__isystem__usr_local_src_llvm_build_lib_clang_9_0_0_include__isystem__usr_lib_gcc_x86_64_linux_gnu_7_5_0_include_fixed__Wl___unresolved_symbols_ignore_in_object_files__static -nostartfiles -nostdlib -isystem /usr/local/src/llvm/build/lib/clang/9.0.0/include -isystem /usr/lib/gcc/x86_64-linux-gnu/7.5.0/include-fixed -Wl,--unresolved-symbols=ignore-in-object-files -static   -o CMakeFiles/cmTC_cc7fd.dir/src.c.obj   -c /home/lt/zephyrproject2.1/zephyr/samples/gui/lvgl/build/CMakeFiles/CMakeTmp/src.c
clang-9: warning: -Wl,--unresolved-symbols=ignore-in-object-files: 'linker' input unused [-Wunused-command-line-argument]
clang-9: warning: argument unused during compilation: '-nostartfiles' [-Wunused-command-line-argument]
Linking C executable cmTC_cc7fd
/usr/local/bin/cmake -E cmake_link_script CMakeFiles/cmTC_cc7fd.dir/link.txt --verbose=1
/usr/local/src/llvm/build/bin/clang --target=i686-pc-none-elf  -Dcheck_C__nostartfiles__nostdlib__isystem__usr_local_src_llvm_build_lib_clang_9_0_0_include__isystem__usr_lib_gcc_x86_64_linux_gnu_7_5_0_include_fixed__Wl___unresolved_symbols_ignore_in_object_files__static -nostartfiles -nostdlib -isystem /usr/local/src/llvm/build/lib/clang/9.0.0/include -isystem /usr/lib/gcc/x86_64-linux-gnu/7.5.0/include-fixed -Wl,--unresolved-symbols=ignore-in-object-files -static    CMakeFiles/cmTC_cc7fd.dir/src.c.obj  -o cmTC_cc7fd 
/usr/bin/ld: warning: cannot find entry symbol _start; defaulting to 00000000080480c0
make[1]: Leaving directory '/home/lt/zephyrproject2.1/zephyr/samples/gui/lvgl/build/CMakeFiles/CMakeTmp'


Source file was:
int main(void) { return 0; }
Performing C SOURCE FILE Test check_C__nostartfiles__nostdlib__isystem__usr_local_src_llvm_build_lib_clang_9_0_0_include__isystem__usr_lib_gcc_x86_64_linux_gnu_7_5_0_include_fixed__Wl___unresolved_symbols_ignore_in_object_files__Wl__X succeeded with the following output:
Change Dir: /home/lt/zephyrproject2.1/zephyr/samples/gui/lvgl/build/CMakeFiles/CMakeTmp

Run Build Command(s):/usr/bin/make cmTC_742e5/fast && /usr/bin/make -f CMakeFiles/cmTC_742e5.dir/build.make CMakeFiles/cmTC_742e5.dir/build
make[1]: Entering directory '/home/lt/zephyrproject2.1/zephyr/samples/gui/lvgl/build/CMakeFiles/CMakeTmp'
Building C object CMakeFiles/cmTC_742e5.dir/src.c.obj
/usr/local/src/llvm/build/bin/clang --target=i686-pc-none-elf   -Dcheck_C__nostartfiles__nostdlib__isystem__usr_local_src_llvm_build_lib_clang_9_0_0_include__isystem__usr_lib_gcc_x86_64_linux_gnu_7_5_0_include_fixed__Wl___unresolved_symbols_ignore_in_object_files__Wl__X -nostartfiles -nostdlib -isystem /usr/local/src/llvm/build/lib/clang/9.0.0/include -isystem /usr/lib/gcc/x86_64-linux-gnu/7.5.0/include-fixed -Wl,--unresolved-symbols=ignore-in-object-files -Wl,-X   -o CMakeFiles/cmTC_742e5.dir/src.c.obj   -c /home/lt/zephyrproject2.1/zephyr/samples/gui/lvgl/build/CMakeFiles/CMakeTmp/src.c
clang-9: warning: -Wl,--unresolved-symbols=ignore-in-object-files: 'linker' input unused [-Wunused-command-line-argument]
clang-9: warning: -Wl,-X: 'linker' input unused [-Wunused-command-line-argument]
clang-9: warning: argument unused during compilation: '-nostartfiles' [-Wunused-command-line-argument]
Linking C executable cmTC_742e5
/usr/local/bin/cmake -E cmake_link_script CMakeFiles/cmTC_742e5.dir/link.txt --verbose=1
/usr/local/src/llvm/build/bin/clang --target=i686-pc-none-elf  -Dcheck_C__nostartfiles__nostdlib__isystem__usr_local_src_llvm_build_lib_clang_9_0_0_include__isystem__usr_lib_gcc_x86_64_linux_gnu_7_5_0_include_fixed__Wl___unresolved_symbols_ignore_in_object_files__Wl__X -nostartfiles -nostdlib -isystem /usr/local/src/llvm/build/lib/clang/9.0.0/include -isystem /usr/lib/gcc/x86_64-linux-gnu/7.5.0/include-fixed -Wl,--unresolved-symbols=ignore-in-object-files -Wl,-X    CMakeFiles/cmTC_742e5.dir/src.c.obj  -o cmTC_742e5 
/usr/bin/ld: warning: cannot find entry symbol _start; defaulting to 00000000000001a0
make[1]: Leaving directory '/home/lt/zephyrproject2.1/zephyr/samples/gui/lvgl/build/CMakeFiles/CMakeTmp'


Source file was:
int main(void) { return 0; }
Performing C SOURCE FILE Test check_C__nostartfiles__nostdlib__isystem__usr_local_src_llvm_build_lib_clang_9_0_0_include__isystem__usr_lib_gcc_x86_64_linux_gnu_7_5_0_include_fixed__Wl___unresolved_symbols_ignore_in_object_files__Wl__N succeeded with the following output:
Change Dir: /home/lt/zephyrproject2.1/zephyr/samples/gui/lvgl/build/CMakeFiles/CMakeTmp

Run Build Command(s):/usr/bin/make cmTC_d9e67/fast && /usr/bin/make -f CMakeFiles/cmTC_d9e67.dir/build.make CMakeFiles/cmTC_d9e67.dir/build
make[1]: Entering directory '/home/lt/zephyrproject2.1/zephyr/samples/gui/lvgl/build/CMakeFiles/CMakeTmp'
Building C object CMakeFiles/cmTC_d9e67.dir/src.c.obj
/usr/local/src/llvm/build/bin/clang --target=i686-pc-none-elf   -Dcheck_C__nostartfiles__nostdlib__isystem__usr_local_src_llvm_build_lib_clang_9_0_0_include__isystem__usr_lib_gcc_x86_64_linux_gnu_7_5_0_include_fixed__Wl___unresolved_symbols_ignore_in_object_files__Wl__N -nostartfiles -nostdlib -isystem /usr/local/src/llvm/build/lib/clang/9.0.0/include -isystem /usr/lib/gcc/x86_64-linux-gnu/7.5.0/include-fixed -Wl,--unresolved-symbols=ignore-in-object-files -Wl,-N   -o CMakeFiles/cmTC_d9e67.dir/src.c.obj   -c /home/lt/zephyrproject2.1/zephyr/samples/gui/lvgl/build/CMakeFiles/CMakeTmp/src.c
clang-9: warning: -Wl,--unresolved-symbols=ignore-in-object-files: 'linker' input unused [-Wunused-command-line-argument]
clang-9: warning: -Wl,-N: 'linker' input unused [-Wunused-command-line-argument]
clang-9: warning: argument unused during compilation: '-nostartfiles' [-Wunused-command-line-argument]
Linking C executable cmTC_d9e67
/usr/local/bin/cmake -E cmake_link_script CMakeFiles/cmTC_d9e67.dir/link.txt --verbose=1
/usr/local/src/llvm/build/bin/clang --target=i686-pc-none-elf  -Dcheck_C__nostartfiles__nostdlib__isystem__usr_local_src_llvm_build_lib_clang_9_0_0_include__isystem__usr_lib_gcc_x86_64_linux_gnu_7_5_0_include_fixed__Wl___unresolved_symbols_ignore_in_object_files__Wl__N -nostartfiles -nostdlib -isystem /usr/local/src/llvm/build/lib/clang/9.0.0/include -isystem /usr/lib/gcc/x86_64-linux-gnu/7.5.0/include-fixed -Wl,--unresolved-symbols=ignore-in-object-files -Wl,-N    CMakeFiles/cmTC_d9e67.dir/src.c.obj  -o cmTC_d9e67 
/usr/bin/ld: warning: cannot find entry symbol _start; defaulting to 0000000008048160
make[1]: Leaving directory '/home/lt/zephyrproject2.1/zephyr/samples/gui/lvgl/build/CMakeFiles/CMakeTmp'


Source file was:
int main(void) { return 0; }
Performing C SOURCE FILE Test check_C__nostartfiles__nostdlib__isystem__usr_local_src_llvm_build_lib_clang_9_0_0_include__isystem__usr_lib_gcc_x86_64_linux_gnu_7_5_0_include_fixed__Wl___unresolved_symbols_ignore_in_object_files__Wl___orphan_handling_warn succeeded with the following output:
Change Dir: /home/lt/zephyrproject2.1/zephyr/samples/gui/lvgl/build/CMakeFiles/CMakeTmp

Run Build Command(s):/usr/bin/make cmTC_2ae6f/fast && /usr/bin/make -f CMakeFiles/cmTC_2ae6f.dir/build.make CMakeFiles/cmTC_2ae6f.dir/build
make[1]: Entering directory '/home/lt/zephyrproject2.1/zephyr/samples/gui/lvgl/build/CMakeFiles/CMakeTmp'
Building C object CMakeFiles/cmTC_2ae6f.dir/src.c.obj
/usr/local/src/llvm/build/bin/clang --target=i686-pc-none-elf   -Dcheck_C__nostartfiles__nostdlib__isystem__usr_local_src_llvm_build_lib_clang_9_0_0_include__isystem__usr_lib_gcc_x86_64_linux_gnu_7_5_0_include_fixed__Wl___unresolved_symbols_ignore_in_object_files__Wl___orphan_handling_warn -nostartfiles -nostdlib -isystem /usr/local/src/llvm/build/lib/clang/9.0.0/include -isystem /usr/lib/gcc/x86_64-linux-gnu/7.5.0/include-fixed -Wl,--unresolved-symbols=ignore-in-object-files -Wl,--orphan-handling=warn   -o CMakeFiles/cmTC_2ae6f.dir/src.c.obj   -c /home/lt/zephyrproject2.1/zephyr/samples/gui/lvgl/build/CMakeFiles/CMakeTmp/src.c
clang-9: warning: -Wl,--unresolved-symbols=ignore-in-object-files: 'linker' input unused [-Wunused-command-line-argument]
clang-9: warning: -Wl,--orphan-handling=warn: 'linker' input unused [-Wunused-command-line-argument]
clang-9: warning: argument unused during compilation: '-nostartfiles' [-Wunused-command-line-argument]
Linking C executable cmTC_2ae6f
/usr/local/bin/cmake -E cmake_link_script CMakeFiles/cmTC_2ae6f.dir/link.txt --verbose=1
/usr/local/src/llvm/build/bin/clang --target=i686-pc-none-elf  -Dcheck_C__nostartfiles__nostdlib__isystem__usr_local_src_llvm_build_lib_clang_9_0_0_include__isystem__usr_lib_gcc_x86_64_linux_gnu_7_5_0_include_fixed__Wl___unresolved_symbols_ignore_in_object_files__Wl___orphan_handling_warn -nostartfiles -nostdlib -isystem /usr/local/src/llvm/build/lib/clang/9.0.0/include -isystem /usr/lib/gcc/x86_64-linux-gnu/7.5.0/include-fixed -Wl,--unresolved-symbols=ignore-in-object-files -Wl,--orphan-handling=warn    CMakeFiles/cmTC_2ae6f.dir/src.c.obj  -o cmTC_2ae6f 
/usr/bin/ld: warning: cannot find entry symbol _start; defaulting to 00000000000001a0
make[1]: Leaving directory '/home/lt/zephyrproject2.1/zephyr/samples/gui/lvgl/build/CMakeFiles/CMakeTmp'


Source file was:
int main(void) { return 0; }
Performing C SOURCE FILE Test check_Wpointer_sign_C__nostartfiles__nostdlib__isystem__usr_local_src_llvm_build_lib_clang_9_0_0_include__isystem__usr_lib_gcc_x86_64_linux_gnu_7_5_0_include_fixed__Wl___unresolved_symbols_ignore_in_object_files succeeded with the following output:
Change Dir: /home/lt/zephyrproject2.1/zephyr/samples/gui/lvgl/build/CMakeFiles/CMakeTmp

Run Build Command(s):/usr/bin/make cmTC_5c826/fast && /usr/bin/make -f CMakeFiles/cmTC_5c826.dir/build.make CMakeFiles/cmTC_5c826.dir/build
make[1]: Entering directory '/home/lt/zephyrproject2.1/zephyr/samples/gui/lvgl/build/CMakeFiles/CMakeTmp'
Building C object CMakeFiles/cmTC_5c826.dir/src.c.obj
/usr/local/src/llvm/build/bin/clang --target=i686-pc-none-elf   -Dcheck_Wpointer_sign_C__nostartfiles__nostdlib__isystem__usr_local_src_llvm_build_lib_clang_9_0_0_include__isystem__usr_lib_gcc_x86_64_linux_gnu_7_5_0_include_fixed__Wl___unresolved_symbols_ignore_in_object_files -nostartfiles -nostdlib -isystem /usr/local/src/llvm/build/lib/clang/9.0.0/include -isystem /usr/lib/gcc/x86_64-linux-gnu/7.5.0/include-fixed -Wl,--unresolved-symbols=ignore-in-object-files   -Wpointer-sign -o CMakeFiles/cmTC_5c826.dir/src.c.obj   -c /home/lt/zephyrproject2.1/zephyr/samples/gui/lvgl/build/CMakeFiles/CMakeTmp/src.c
clang-9: warning: -Wl,--unresolved-symbols=ignore-in-object-files: 'linker' input unused [-Wunused-command-line-argument]
clang-9: warning: argument unused during compilation: '-nostartfiles' [-Wunused-command-line-argument]
Linking C executable cmTC_5c826
/usr/local/bin/cmake -E cmake_link_script CMakeFiles/cmTC_5c826.dir/link.txt --verbose=1
/usr/local/src/llvm/build/bin/clang --target=i686-pc-none-elf  -Dcheck_Wpointer_sign_C__nostartfiles__nostdlib__isystem__usr_local_src_llvm_build_lib_clang_9_0_0_include__isystem__usr_lib_gcc_x86_64_linux_gnu_7_5_0_include_fixed__Wl___unresolved_symbols_ignore_in_object_files -nostartfiles -nostdlib -isystem /usr/local/src/llvm/build/lib/clang/9.0.0/include -isystem /usr/lib/gcc/x86_64-linux-gnu/7.5.0/include-fixed -Wl,--unresolved-symbols=ignore-in-object-files    CMakeFiles/cmTC_5c826.dir/src.c.obj  -o cmTC_5c826 
/usr/bin/ld: warning: cannot find entry symbol _start; defaulting to 00000000000001a0
make[1]: Leaving directory '/home/lt/zephyrproject2.1/zephyr/samples/gui/lvgl/build/CMakeFiles/CMakeTmp'


Source file was:
int main(void) { return 0; }
Performing C SOURCE FILE Test check_Wpointer_arith_C__nostartfiles__nostdlib__isystem__usr_local_src_llvm_build_lib_clang_9_0_0_include__isystem__usr_lib_gcc_x86_64_linux_gnu_7_5_0_include_fixed__Wl___unresolved_symbols_ignore_in_object_files succeeded with the following output:
Change Dir: /home/lt/zephyrproject2.1/zephyr/samples/gui/lvgl/build/CMakeFiles/CMakeTmp

Run Build Command(s):/usr/bin/make cmTC_a9df9/fast && /usr/bin/make -f CMakeFiles/cmTC_a9df9.dir/build.make CMakeFiles/cmTC_a9df9.dir/build
make[1]: Entering directory '/home/lt/zephyrproject2.1/zephyr/samples/gui/lvgl/build/CMakeFiles/CMakeTmp'
Building C object CMakeFiles/cmTC_a9df9.dir/src.c.obj
/usr/local/src/llvm/build/bin/clang --target=i686-pc-none-elf   -Dcheck_Wpointer_arith_C__nostartfiles__nostdlib__isystem__usr_local_src_llvm_build_lib_clang_9_0_0_include__isystem__usr_lib_gcc_x86_64_linux_gnu_7_5_0_include_fixed__Wl___unresolved_symbols_ignore_in_object_files -nostartfiles -nostdlib -isystem /usr/local/src/llvm/build/lib/clang/9.0.0/include -isystem /usr/lib/gcc/x86_64-linux-gnu/7.5.0/include-fixed -Wl,--unresolved-symbols=ignore-in-object-files   -Wpointer-arith -o CMakeFiles/cmTC_a9df9.dir/src.c.obj   -c /home/lt/zephyrproject2.1/zephyr/samples/gui/lvgl/build/CMakeFiles/CMakeTmp/src.c
clang-9: warning: -Wl,--unresolved-symbols=ignore-in-object-files: 'linker' input unused [-Wunused-command-line-argument]
clang-9: warning: argument unused during compilation: '-nostartfiles' [-Wunused-command-line-argument]
Linking C executable cmTC_a9df9
/usr/local/bin/cmake -E cmake_link_script CMakeFiles/cmTC_a9df9.dir/link.txt --verbose=1
/usr/local/src/llvm/build/bin/clang --target=i686-pc-none-elf  -Dcheck_Wpointer_arith_C__nostartfiles__nostdlib__isystem__usr_local_src_llvm_build_lib_clang_9_0_0_include__isystem__usr_lib_gcc_x86_64_linux_gnu_7_5_0_include_fixed__Wl___unresolved_symbols_ignore_in_object_files -nostartfiles -nostdlib -isystem /usr/local/src/llvm/build/lib/clang/9.0.0/include -isystem /usr/lib/gcc/x86_64-linux-gnu/7.5.0/include-fixed -Wl,--unresolved-symbols=ignore-in-object-files    CMakeFiles/cmTC_a9df9.dir/src.c.obj  -o cmTC_a9df9 
/usr/bin/ld: warning: cannot find entry symbol _start; defaulting to 00000000000001a0
make[1]: Leaving directory '/home/lt/zephyrproject2.1/zephyr/samples/gui/lvgl/build/CMakeFiles/CMakeTmp'


Source file was:
int main(void) { return 0; }
Performing C SOURCE FILE Test check_Wsometimes_uninitialized_C__nostartfiles__nostdlib__isystem__usr_local_src_llvm_build_lib_clang_9_0_0_include__isystem__usr_lib_gcc_x86_64_linux_gnu_7_5_0_include_fixed__Wl___unresolved_symbols_ignore_in_object_files succeeded with the following output:
Change Dir: /home/lt/zephyrproject2.1/zephyr/samples/gui/lvgl/build/CMakeFiles/CMakeTmp

Run Build Command(s):/usr/bin/make cmTC_e33d0/fast && /usr/bin/make -f CMakeFiles/cmTC_e33d0.dir/build.make CMakeFiles/cmTC_e33d0.dir/build
make[1]: Entering directory '/home/lt/zephyrproject2.1/zephyr/samples/gui/lvgl/build/CMakeFiles/CMakeTmp'
Building C object CMakeFiles/cmTC_e33d0.dir/src.c.obj
/usr/local/src/llvm/build/bin/clang --target=i686-pc-none-elf   -Dcheck_Wsometimes_uninitialized_C__nostartfiles__nostdlib__isystem__usr_local_src_llvm_build_lib_clang_9_0_0_include__isystem__usr_lib_gcc_x86_64_linux_gnu_7_5_0_include_fixed__Wl___unresolved_symbols_ignore_in_object_files -nostartfiles -nostdlib -isystem /usr/local/src/llvm/build/lib/clang/9.0.0/include -isystem /usr/lib/gcc/x86_64-linux-gnu/7.5.0/include-fixed -Wl,--unresolved-symbols=ignore-in-object-files   -Wsometimes-uninitialized -o CMakeFiles/cmTC_e33d0.dir/src.c.obj   -c /home/lt/zephyrproject2.1/zephyr/samples/gui/lvgl/build/CMakeFiles/CMakeTmp/src.c
clang-9: warning: -Wl,--unresolved-symbols=ignore-in-object-files: 'linker' input unused [-Wunused-command-line-argument]
clang-9: warning: argument unused during compilation: '-nostartfiles' [-Wunused-command-line-argument]
Linking C executable cmTC_e33d0
/usr/local/bin/cmake -E cmake_link_script CMakeFiles/cmTC_e33d0.dir/link.txt --verbose=1
/usr/local/src/llvm/build/bin/clang --target=i686-pc-none-elf  -Dcheck_Wsometimes_uninitialized_C__nostartfiles__nostdlib__isystem__usr_local_src_llvm_build_lib_clang_9_0_0_include__isystem__usr_lib_gcc_x86_64_linux_gnu_7_5_0_include_fixed__Wl___unresolved_symbols_ignore_in_object_files -nostartfiles -nostdlib -isystem /usr/local/src/llvm/build/lib/clang/9.0.0/include -isystem /usr/lib/gcc/x86_64-linux-gnu/7.5.0/include-fixed -Wl,--unresolved-symbols=ignore-in-object-files    CMakeFiles/cmTC_e33d0.dir/src.c.obj  -o cmTC_e33d0 
/usr/bin/ld: warning: cannot find entry symbol _start; defaulting to 00000000000001a0
make[1]: Leaving directory '/home/lt/zephyrproject2.1/zephyr/samples/gui/lvgl/build/CMakeFiles/CMakeTmp'


Source file was:
int main(void) { return 0; }
Performing C SOURCE FILE Test check_Wshift_overflow_C__nostartfiles__nostdlib__isystem__usr_local_src_llvm_build_lib_clang_9_0_0_include__isystem__usr_lib_gcc_x86_64_linux_gnu_7_5_0_include_fixed__Wl___unresolved_symbols_ignore_in_object_files succeeded with the following output:
Change Dir: /home/lt/zephyrproject2.1/zephyr/samples/gui/lvgl/build/CMakeFiles/CMakeTmp

Run Build Command(s):/usr/bin/make cmTC_88cc8/fast && /usr/bin/make -f CMakeFiles/cmTC_88cc8.dir/build.make CMakeFiles/cmTC_88cc8.dir/build
make[1]: Entering directory '/home/lt/zephyrproject2.1/zephyr/samples/gui/lvgl/build/CMakeFiles/CMakeTmp'
Building C object CMakeFiles/cmTC_88cc8.dir/src.c.obj
/usr/local/src/llvm/build/bin/clang --target=i686-pc-none-elf   -Dcheck_Wshift_overflow_C__nostartfiles__nostdlib__isystem__usr_local_src_llvm_build_lib_clang_9_0_0_include__isystem__usr_lib_gcc_x86_64_linux_gnu_7_5_0_include_fixed__Wl___unresolved_symbols_ignore_in_object_files -nostartfiles -nostdlib -isystem /usr/local/src/llvm/build/lib/clang/9.0.0/include -isystem /usr/lib/gcc/x86_64-linux-gnu/7.5.0/include-fixed -Wl,--unresolved-symbols=ignore-in-object-files   -Wshift-overflow -o CMakeFiles/cmTC_88cc8.dir/src.c.obj   -c /home/lt/zephyrproject2.1/zephyr/samples/gui/lvgl/build/CMakeFiles/CMakeTmp/src.c
clang-9: warning: -Wl,--unresolved-symbols=ignore-in-object-files: 'linker' input unused [-Wunused-command-line-argument]
clang-9: warning: argument unused during compilation: '-nostartfiles' [-Wunused-command-line-argument]
Linking C executable cmTC_88cc8
/usr/local/bin/cmake -E cmake_link_script CMakeFiles/cmTC_88cc8.dir/link.txt --verbose=1
/usr/local/src/llvm/build/bin/clang --target=i686-pc-none-elf  -Dcheck_Wshift_overflow_C__nostartfiles__nostdlib__isystem__usr_local_src_llvm_build_lib_clang_9_0_0_include__isystem__usr_lib_gcc_x86_64_linux_gnu_7_5_0_include_fixed__Wl___unresolved_symbols_ignore_in_object_files -nostartfiles -nostdlib -isystem /usr/local/src/llvm/build/lib/clang/9.0.0/include -isystem /usr/lib/gcc/x86_64-linux-gnu/7.5.0/include-fixed -Wl,--unresolved-symbols=ignore-in-object-files    CMakeFiles/cmTC_88cc8.dir/src.c.obj  -o cmTC_88cc8 
/usr/bin/ld: warning: cannot find entry symbol _start; defaulting to 00000000000001a0
make[1]: Leaving directory '/home/lt/zephyrproject2.1/zephyr/samples/gui/lvgl/build/CMakeFiles/CMakeTmp'


Source file was:
int main(void) { return 0; }
Performing C SOURCE FILE Test check_Wmissing_braces_C__nostartfiles__nostdlib__isystem__usr_local_src_llvm_build_lib_clang_9_0_0_include__isystem__usr_lib_gcc_x86_64_linux_gnu_7_5_0_include_fixed__Wl___unresolved_symbols_ignore_in_object_files succeeded with the following output:
Change Dir: /home/lt/zephyrproject2.1/zephyr/samples/gui/lvgl/build/CMakeFiles/CMakeTmp

Run Build Command(s):/usr/bin/make cmTC_95c8a/fast && /usr/bin/make -f CMakeFiles/cmTC_95c8a.dir/build.make CMakeFiles/cmTC_95c8a.dir/build
make[1]: Entering directory '/home/lt/zephyrproject2.1/zephyr/samples/gui/lvgl/build/CMakeFiles/CMakeTmp'
Building C object CMakeFiles/cmTC_95c8a.dir/src.c.obj
/usr/local/src/llvm/build/bin/clang --target=i686-pc-none-elf   -Dcheck_Wmissing_braces_C__nostartfiles__nostdlib__isystem__usr_local_src_llvm_build_lib_clang_9_0_0_include__isystem__usr_lib_gcc_x86_64_linux_gnu_7_5_0_include_fixed__Wl___unresolved_symbols_ignore_in_object_files -nostartfiles -nostdlib -isystem /usr/local/src/llvm/build/lib/clang/9.0.0/include -isystem /usr/lib/gcc/x86_64-linux-gnu/7.5.0/include-fixed -Wl,--unresolved-symbols=ignore-in-object-files   -Wmissing-braces -o CMakeFiles/cmTC_95c8a.dir/src.c.obj   -c /home/lt/zephyrproject2.1/zephyr/samples/gui/lvgl/build/CMakeFiles/CMakeTmp/src.c
clang-9: warning: -Wl,--unresolved-symbols=ignore-in-object-files: 'linker' input unused [-Wunused-command-line-argument]
clang-9: warning: argument unused during compilation: '-nostartfiles' [-Wunused-command-line-argument]
Linking C executable cmTC_95c8a
/usr/local/bin/cmake -E cmake_link_script CMakeFiles/cmTC_95c8a.dir/link.txt --verbose=1
/usr/local/src/llvm/build/bin/clang --target=i686-pc-none-elf  -Dcheck_Wmissing_braces_C__nostartfiles__nostdlib__isystem__usr_local_src_llvm_build_lib_clang_9_0_0_include__isystem__usr_lib_gcc_x86_64_linux_gnu_7_5_0_include_fixed__Wl___unresolved_symbols_ignore_in_object_files -nostartfiles -nostdlib -isystem /usr/local/src/llvm/build/lib/clang/9.0.0/include -isystem /usr/lib/gcc/x86_64-linux-gnu/7.5.0/include-fixed -Wl,--unresolved-symbols=ignore-in-object-files    CMakeFiles/cmTC_95c8a.dir/src.c.obj  -o cmTC_95c8a 
/usr/bin/ld: warning: cannot find entry symbol _start; defaulting to 00000000000001a0
make[1]: Leaving directory '/home/lt/zephyrproject2.1/zephyr/samples/gui/lvgl/build/CMakeFiles/CMakeTmp'


Source file was:
int main(void) { return 0; }
Performing C SOURCE FILE Test check_Wself_assign_C__nostartfiles__nostdlib__isystem__usr_local_src_llvm_build_lib_clang_9_0_0_include__isystem__usr_lib_gcc_x86_64_linux_gnu_7_5_0_include_fixed__Wl___unresolved_symbols_ignore_in_object_files succeeded with the following output:
Change Dir: /home/lt/zephyrproject2.1/zephyr/samples/gui/lvgl/build/CMakeFiles/CMakeTmp

Run Build Command(s):/usr/bin/make cmTC_7d01e/fast && /usr/bin/make -f CMakeFiles/cmTC_7d01e.dir/build.make CMakeFiles/cmTC_7d01e.dir/build
make[1]: Entering directory '/home/lt/zephyrproject2.1/zephyr/samples/gui/lvgl/build/CMakeFiles/CMakeTmp'
Building C object CMakeFiles/cmTC_7d01e.dir/src.c.obj
/usr/local/src/llvm/build/bin/clang --target=i686-pc-none-elf   -Dcheck_Wself_assign_C__nostartfiles__nostdlib__isystem__usr_local_src_llvm_build_lib_clang_9_0_0_include__isystem__usr_lib_gcc_x86_64_linux_gnu_7_5_0_include_fixed__Wl___unresolved_symbols_ignore_in_object_files -nostartfiles -nostdlib -isystem /usr/local/src/llvm/build/lib/clang/9.0.0/include -isystem /usr/lib/gcc/x86_64-linux-gnu/7.5.0/include-fixed -Wl,--unresolved-symbols=ignore-in-object-files   -Wself-assign -o CMakeFiles/cmTC_7d01e.dir/src.c.obj   -c /home/lt/zephyrproject2.1/zephyr/samples/gui/lvgl/build/CMakeFiles/CMakeTmp/src.c
clang-9: warning: -Wl,--unresolved-symbols=ignore-in-object-files: 'linker' input unused [-Wunused-command-line-argument]
clang-9: warning: argument unused during compilation: '-nostartfiles' [-Wunused-command-line-argument]
Linking C executable cmTC_7d01e
/usr/local/bin/cmake -E cmake_link_script CMakeFiles/cmTC_7d01e.dir/link.txt --verbose=1
/usr/local/src/llvm/build/bin/clang --target=i686-pc-none-elf  -Dcheck_Wself_assign_C__nostartfiles__nostdlib__isystem__usr_local_src_llvm_build_lib_clang_9_0_0_include__isystem__usr_lib_gcc_x86_64_linux_gnu_7_5_0_include_fixed__Wl___unresolved_symbols_ignore_in_object_files -nostartfiles -nostdlib -isystem /usr/local/src/llvm/build/lib/clang/9.0.0/include -isystem /usr/lib/gcc/x86_64-linux-gnu/7.5.0/include-fixed -Wl,--unresolved-symbols=ignore-in-object-files    CMakeFiles/cmTC_7d01e.dir/src.c.obj  -o cmTC_7d01e 
/usr/bin/ld: warning: cannot find entry symbol _start; defaulting to 00000000000001a0
make[1]: Leaving directory '/home/lt/zephyrproject2.1/zephyr/samples/gui/lvgl/build/CMakeFiles/CMakeTmp'


Source file was:
int main(void) { return 0; }
Performing C SOURCE FILE Test check_Waddress_of_packed_member_C__nostartfiles__nostdlib__isystem__usr_local_src_llvm_build_lib_clang_9_0_0_include__isystem__usr_lib_gcc_x86_64_linux_gnu_7_5_0_include_fixed__Wl___unresolved_symbols_ignore_in_object_files succeeded with the following output:
Change Dir: /home/lt/zephyrproject2.1/zephyr/samples/gui/lvgl/build/CMakeFiles/CMakeTmp

Run Build Command(s):/usr/bin/make cmTC_7b650/fast && /usr/bin/make -f CMakeFiles/cmTC_7b650.dir/build.make CMakeFiles/cmTC_7b650.dir/build
make[1]: Entering directory '/home/lt/zephyrproject2.1/zephyr/samples/gui/lvgl/build/CMakeFiles/CMakeTmp'
Building C object CMakeFiles/cmTC_7b650.dir/src.c.obj
/usr/local/src/llvm/build/bin/clang --target=i686-pc-none-elf   -Dcheck_Waddress_of_packed_member_C__nostartfiles__nostdlib__isystem__usr_local_src_llvm_build_lib_clang_9_0_0_include__isystem__usr_lib_gcc_x86_64_linux_gnu_7_5_0_include_fixed__Wl___unresolved_symbols_ignore_in_object_files -nostartfiles -nostdlib -isystem /usr/local/src/llvm/build/lib/clang/9.0.0/include -isystem /usr/lib/gcc/x86_64-linux-gnu/7.5.0/include-fixed -Wl,--unresolved-symbols=ignore-in-object-files   -Waddress-of-packed-member -o CMakeFiles/cmTC_7b650.dir/src.c.obj   -c /home/lt/zephyrproject2.1/zephyr/samples/gui/lvgl/build/CMakeFiles/CMakeTmp/src.c
clang-9: warning: -Wl,--unresolved-symbols=ignore-in-object-files: 'linker' input unused [-Wunused-command-line-argument]
clang-9: warning: argument unused during compilation: '-nostartfiles' [-Wunused-command-line-argument]
Linking C executable cmTC_7b650
/usr/local/bin/cmake -E cmake_link_script CMakeFiles/cmTC_7b650.dir/link.txt --verbose=1
/usr/local/src/llvm/build/bin/clang --target=i686-pc-none-elf  -Dcheck_Waddress_of_packed_member_C__nostartfiles__nostdlib__isystem__usr_local_src_llvm_build_lib_clang_9_0_0_include__isystem__usr_lib_gcc_x86_64_linux_gnu_7_5_0_include_fixed__Wl___unresolved_symbols_ignore_in_object_files -nostartfiles -nostdlib -isystem /usr/local/src/llvm/build/lib/clang/9.0.0/include -isystem /usr/lib/gcc/x86_64-linux-gnu/7.5.0/include-fixed -Wl,--unresolved-symbols=ignore-in-object-files    CMakeFiles/cmTC_7b650.dir/src.c.obj  -o cmTC_7b650 
/usr/bin/ld: warning: cannot find entry symbol _start; defaulting to 00000000000001a0
make[1]: Leaving directory '/home/lt/zephyrproject2.1/zephyr/samples/gui/lvgl/build/CMakeFiles/CMakeTmp'


Source file was:
int main(void) { return 0; }
Performing C SOURCE FILE Test check_Wunused_function_C__nostartfiles__nostdlib__isystem__usr_local_src_llvm_build_lib_clang_9_0_0_include__isystem__usr_lib_gcc_x86_64_linux_gnu_7_5_0_include_fixed__Wl___unresolved_symbols_ignore_in_object_files succeeded with the following output:
Change Dir: /home/lt/zephyrproject2.1/zephyr/samples/gui/lvgl/build/CMakeFiles/CMakeTmp

Run Build Command(s):/usr/bin/make cmTC_c822b/fast && /usr/bin/make -f CMakeFiles/cmTC_c822b.dir/build.make CMakeFiles/cmTC_c822b.dir/build
make[1]: Entering directory '/home/lt/zephyrproject2.1/zephyr/samples/gui/lvgl/build/CMakeFiles/CMakeTmp'
Building C object CMakeFiles/cmTC_c822b.dir/src.c.obj
/usr/local/src/llvm/build/bin/clang --target=i686-pc-none-elf   -Dcheck_Wunused_function_C__nostartfiles__nostdlib__isystem__usr_local_src_llvm_build_lib_clang_9_0_0_include__isystem__usr_lib_gcc_x86_64_linux_gnu_7_5_0_include_fixed__Wl___unresolved_symbols_ignore_in_object_files -nostartfiles -nostdlib -isystem /usr/local/src/llvm/build/lib/clang/9.0.0/include -isystem /usr/lib/gcc/x86_64-linux-gnu/7.5.0/include-fixed -Wl,--unresolved-symbols=ignore-in-object-files   -Wunused-function -o CMakeFiles/cmTC_c822b.dir/src.c.obj   -c /home/lt/zephyrproject2.1/zephyr/samples/gui/lvgl/build/CMakeFiles/CMakeTmp/src.c
clang-9: warning: -Wl,--unresolved-symbols=ignore-in-object-files: 'linker' input unused [-Wunused-command-line-argument]
clang-9: warning: argument unused during compilation: '-nostartfiles' [-Wunused-command-line-argument]
Linking C executable cmTC_c822b
/usr/local/bin/cmake -E cmake_link_script CMakeFiles/cmTC_c822b.dir/link.txt --verbose=1
/usr/local/src/llvm/build/bin/clang --target=i686-pc-none-elf  -Dcheck_Wunused_function_C__nostartfiles__nostdlib__isystem__usr_local_src_llvm_build_lib_clang_9_0_0_include__isystem__usr_lib_gcc_x86_64_linux_gnu_7_5_0_include_fixed__Wl___unresolved_symbols_ignore_in_object_files -nostartfiles -nostdlib -isystem /usr/local/src/llvm/build/lib/clang/9.0.0/include -isystem /usr/lib/gcc/x86_64-linux-gnu/7.5.0/include-fixed -Wl,--unresolved-symbols=ignore-in-object-files    CMakeFiles/cmTC_c822b.dir/src.c.obj  -o cmTC_c822b 
/usr/bin/ld: warning: cannot find entry symbol _start; defaulting to 00000000000001a0
make[1]: Leaving directory '/home/lt/zephyrproject2.1/zephyr/samples/gui/lvgl/build/CMakeFiles/CMakeTmp'


Source file was:
int main(void) { return 0; }
Performing C SOURCE FILE Test check_Winitializer_overrides_C__nostartfiles__nostdlib__isystem__usr_local_src_llvm_build_lib_clang_9_0_0_include__isystem__usr_lib_gcc_x86_64_linux_gnu_7_5_0_include_fixed__Wl___unresolved_symbols_ignore_in_object_files succeeded with the following output:
Change Dir: /home/lt/zephyrproject2.1/zephyr/samples/gui/lvgl/build/CMakeFiles/CMakeTmp

Run Build Command(s):/usr/bin/make cmTC_3ed06/fast && /usr/bin/make -f CMakeFiles/cmTC_3ed06.dir/build.make CMakeFiles/cmTC_3ed06.dir/build
make[1]: Entering directory '/home/lt/zephyrproject2.1/zephyr/samples/gui/lvgl/build/CMakeFiles/CMakeTmp'
Building C object CMakeFiles/cmTC_3ed06.dir/src.c.obj
/usr/local/src/llvm/build/bin/clang --target=i686-pc-none-elf   -Dcheck_Winitializer_overrides_C__nostartfiles__nostdlib__isystem__usr_local_src_llvm_build_lib_clang_9_0_0_include__isystem__usr_lib_gcc_x86_64_linux_gnu_7_5_0_include_fixed__Wl___unresolved_symbols_ignore_in_object_files -nostartfiles -nostdlib -isystem /usr/local/src/llvm/build/lib/clang/9.0.0/include -isystem /usr/lib/gcc/x86_64-linux-gnu/7.5.0/include-fixed -Wl,--unresolved-symbols=ignore-in-object-files   -Winitializer-overrides -o CMakeFiles/cmTC_3ed06.dir/src.c.obj   -c /home/lt/zephyrproject2.1/zephyr/samples/gui/lvgl/build/CMakeFiles/CMakeTmp/src.c
clang-9: warning: -Wl,--unresolved-symbols=ignore-in-object-files: 'linker' input unused [-Wunused-command-line-argument]
clang-9: warning: argument unused during compilation: '-nostartfiles' [-Wunused-command-line-argument]
Linking C executable cmTC_3ed06
/usr/local/bin/cmake -E cmake_link_script CMakeFiles/cmTC_3ed06.dir/link.txt --verbose=1
/usr/local/src/llvm/build/bin/clang --target=i686-pc-none-elf  -Dcheck_Winitializer_overrides_C__nostartfiles__nostdlib__isystem__usr_local_src_llvm_build_lib_clang_9_0_0_include__isystem__usr_lib_gcc_x86_64_linux_gnu_7_5_0_include_fixed__Wl___unresolved_symbols_ignore_in_object_files -nostartfiles -nostdlib -isystem /usr/local/src/llvm/build/lib/clang/9.0.0/include -isystem /usr/lib/gcc/x86_64-linux-gnu/7.5.0/include-fixed -Wl,--unresolved-symbols=ignore-in-object-files    CMakeFiles/cmTC_3ed06.dir/src.c.obj  -o cmTC_3ed06 
/usr/bin/ld: warning: cannot find entry symbol _start; defaulting to 00000000000001a0
make[1]: Leaving directory '/home/lt/zephyrproject2.1/zephyr/samples/gui/lvgl/build/CMakeFiles/CMakeTmp'


Source file was:
int main(void) { return 0; }
Performing C SOURCE FILE Test check_Wsection_C__nostartfiles__nostdlib__isystem__usr_local_src_llvm_build_lib_clang_9_0_0_include__isystem__usr_lib_gcc_x86_64_linux_gnu_7_5_0_include_fixed__Wl___unresolved_symbols_ignore_in_object_files succeeded with the following output:
Change Dir: /home/lt/zephyrproject2.1/zephyr/samples/gui/lvgl/build/CMakeFiles/CMakeTmp

Run Build Command(s):/usr/bin/make cmTC_5c87f/fast && /usr/bin/make -f CMakeFiles/cmTC_5c87f.dir/build.make CMakeFiles/cmTC_5c87f.dir/build
make[1]: Entering directory '/home/lt/zephyrproject2.1/zephyr/samples/gui/lvgl/build/CMakeFiles/CMakeTmp'
Building C object CMakeFiles/cmTC_5c87f.dir/src.c.obj
/usr/local/src/llvm/build/bin/clang --target=i686-pc-none-elf   -Dcheck_Wsection_C__nostartfiles__nostdlib__isystem__usr_local_src_llvm_build_lib_clang_9_0_0_include__isystem__usr_lib_gcc_x86_64_linux_gnu_7_5_0_include_fixed__Wl___unresolved_symbols_ignore_in_object_files -nostartfiles -nostdlib -isystem /usr/local/src/llvm/build/lib/clang/9.0.0/include -isystem /usr/lib/gcc/x86_64-linux-gnu/7.5.0/include-fixed -Wl,--unresolved-symbols=ignore-in-object-files   -Wsection -o CMakeFiles/cmTC_5c87f.dir/src.c.obj   -c /home/lt/zephyrproject2.1/zephyr/samples/gui/lvgl/build/CMakeFiles/CMakeTmp/src.c
clang-9: warning: -Wl,--unresolved-symbols=ignore-in-object-files: 'linker' input unused [-Wunused-command-line-argument]
clang-9: warning: argument unused during compilation: '-nostartfiles' [-Wunused-command-line-argument]
Linking C executable cmTC_5c87f
/usr/local/bin/cmake -E cmake_link_script CMakeFiles/cmTC_5c87f.dir/link.txt --verbose=1
/usr/local/src/llvm/build/bin/clang --target=i686-pc-none-elf  -Dcheck_Wsection_C__nostartfiles__nostdlib__isystem__usr_local_src_llvm_build_lib_clang_9_0_0_include__isystem__usr_lib_gcc_x86_64_linux_gnu_7_5_0_include_fixed__Wl___unresolved_symbols_ignore_in_object_files -nostartfiles -nostdlib -isystem /usr/local/src/llvm/build/lib/clang/9.0.0/include -isystem /usr/lib/gcc/x86_64-linux-gnu/7.5.0/include-fixed -Wl,--unresolved-symbols=ignore-in-object-files    CMakeFiles/cmTC_5c87f.dir/src.c.obj  -o cmTC_5c87f 
/usr/bin/ld: warning: cannot find entry symbol _start; defaulting to 00000000000001a0
make[1]: Leaving directory '/home/lt/zephyrproject2.1/zephyr/samples/gui/lvgl/build/CMakeFiles/CMakeTmp'


Source file was:
int main(void) { return 0; }
Performing C SOURCE FILE Test check_Wunknown_warning_option_C__nostartfiles__nostdlib__isystem__usr_local_src_llvm_build_lib_clang_9_0_0_include__isystem__usr_lib_gcc_x86_64_linux_gnu_7_5_0_include_fixed__Wl___unresolved_symbols_ignore_in_object_files succeeded with the following output:
Change Dir: /home/lt/zephyrproject2.1/zephyr/samples/gui/lvgl/build/CMakeFiles/CMakeTmp

Run Build Command(s):/usr/bin/make cmTC_d0fd9/fast && /usr/bin/make -f CMakeFiles/cmTC_d0fd9.dir/build.make CMakeFiles/cmTC_d0fd9.dir/build
make[1]: Entering directory '/home/lt/zephyrproject2.1/zephyr/samples/gui/lvgl/build/CMakeFiles/CMakeTmp'
Building C object CMakeFiles/cmTC_d0fd9.dir/src.c.obj
/usr/local/src/llvm/build/bin/clang --target=i686-pc-none-elf   -Dcheck_Wunknown_warning_option_C__nostartfiles__nostdlib__isystem__usr_local_src_llvm_build_lib_clang_9_0_0_include__isystem__usr_lib_gcc_x86_64_linux_gnu_7_5_0_include_fixed__Wl___unresolved_symbols_ignore_in_object_files -nostartfiles -nostdlib -isystem /usr/local/src/llvm/build/lib/clang/9.0.0/include -isystem /usr/lib/gcc/x86_64-linux-gnu/7.5.0/include-fixed -Wl,--unresolved-symbols=ignore-in-object-files   -Wunknown-warning-option -o CMakeFiles/cmTC_d0fd9.dir/src.c.obj   -c /home/lt/zephyrproject2.1/zephyr/samples/gui/lvgl/build/CMakeFiles/CMakeTmp/src.c
clang-9: warning: -Wl,--unresolved-symbols=ignore-in-object-files: 'linker' input unused [-Wunused-command-line-argument]
clang-9: warning: argument unused during compilation: '-nostartfiles' [-Wunused-command-line-argument]
Linking C executable cmTC_d0fd9
/usr/local/bin/cmake -E cmake_link_script CMakeFiles/cmTC_d0fd9.dir/link.txt --verbose=1
/usr/local/src/llvm/build/bin/clang --target=i686-pc-none-elf  -Dcheck_Wunknown_warning_option_C__nostartfiles__nostdlib__isystem__usr_local_src_llvm_build_lib_clang_9_0_0_include__isystem__usr_lib_gcc_x86_64_linux_gnu_7_5_0_include_fixed__Wl___unresolved_symbols_ignore_in_object_files -nostartfiles -nostdlib -isystem /usr/local/src/llvm/build/lib/clang/9.0.0/include -isystem /usr/lib/gcc/x86_64-linux-gnu/7.5.0/include-fixed -Wl,--unresolved-symbols=ignore-in-object-files    CMakeFiles/cmTC_d0fd9.dir/src.c.obj  -o cmTC_d0fd9 
/usr/bin/ld: warning: cannot find entry symbol _start; defaulting to 00000000000001a0
make[1]: Leaving directory '/home/lt/zephyrproject2.1/zephyr/samples/gui/lvgl/build/CMakeFiles/CMakeTmp'


Source file was:
int main(void) { return 0; }
Performing C SOURCE FILE Test check_Wunused_variable_C__nostartfiles__nostdlib__isystem__usr_local_src_llvm_build_lib_clang_9_0_0_include__isystem__usr_lib_gcc_x86_64_linux_gnu_7_5_0_include_fixed__Wl___unresolved_symbols_ignore_in_object_files succeeded with the following output:
Change Dir: /home/lt/zephyrproject2.1/zephyr/samples/gui/lvgl/build/CMakeFiles/CMakeTmp

Run Build Command(s):/usr/bin/make cmTC_79baa/fast && /usr/bin/make -f CMakeFiles/cmTC_79baa.dir/build.make CMakeFiles/cmTC_79baa.dir/build
make[1]: Entering directory '/home/lt/zephyrproject2.1/zephyr/samples/gui/lvgl/build/CMakeFiles/CMakeTmp'
Building C object CMakeFiles/cmTC_79baa.dir/src.c.obj
/usr/local/src/llvm/build/bin/clang --target=i686-pc-none-elf   -Dcheck_Wunused_variable_C__nostartfiles__nostdlib__isystem__usr_local_src_llvm_build_lib_clang_9_0_0_include__isystem__usr_lib_gcc_x86_64_linux_gnu_7_5_0_include_fixed__Wl___unresolved_symbols_ignore_in_object_files -nostartfiles -nostdlib -isystem /usr/local/src/llvm/build/lib/clang/9.0.0/include -isystem /usr/lib/gcc/x86_64-linux-gnu/7.5.0/include-fixed -Wl,--unresolved-symbols=ignore-in-object-files   -Wunused-variable -o CMakeFiles/cmTC_79baa.dir/src.c.obj   -c /home/lt/zephyrproject2.1/zephyr/samples/gui/lvgl/build/CMakeFiles/CMakeTmp/src.c
clang-9: warning: -Wl,--unresolved-symbols=ignore-in-object-files: 'linker' input unused [-Wunused-command-line-argument]
clang-9: warning: argument unused during compilation: '-nostartfiles' [-Wunused-command-line-argument]
Linking C executable cmTC_79baa
/usr/local/bin/cmake -E cmake_link_script CMakeFiles/cmTC_79baa.dir/link.txt --verbose=1
/usr/local/src/llvm/build/bin/clang --target=i686-pc-none-elf  -Dcheck_Wunused_variable_C__nostartfiles__nostdlib__isystem__usr_local_src_llvm_build_lib_clang_9_0_0_include__isystem__usr_lib_gcc_x86_64_linux_gnu_7_5_0_include_fixed__Wl___unresolved_symbols_ignore_in_object_files -nostartfiles -nostdlib -isystem /usr/local/src/llvm/build/lib/clang/9.0.0/include -isystem /usr/lib/gcc/x86_64-linux-gnu/7.5.0/include-fixed -Wl,--unresolved-symbols=ignore-in-object-files    CMakeFiles/cmTC_79baa.dir/src.c.obj  -o cmTC_79baa 
/usr/bin/ld: warning: cannot find entry symbol _start; defaulting to 00000000000001a0
make[1]: Leaving directory '/home/lt/zephyrproject2.1/zephyr/samples/gui/lvgl/build/CMakeFiles/CMakeTmp'


Source file was:
int main(void) { return 0; }
Performing C SOURCE FILE Test check_Wformat_invalid_specifier_C__nostartfiles__nostdlib__isystem__usr_local_src_llvm_build_lib_clang_9_0_0_include__isystem__usr_lib_gcc_x86_64_linux_gnu_7_5_0_include_fixed__Wl___unresolved_symbols_ignore_in_object_files succeeded with the following output:
Change Dir: /home/lt/zephyrproject2.1/zephyr/samples/gui/lvgl/build/CMakeFiles/CMakeTmp

Run Build Command(s):/usr/bin/make cmTC_adbf6/fast && /usr/bin/make -f CMakeFiles/cmTC_adbf6.dir/build.make CMakeFiles/cmTC_adbf6.dir/build
make[1]: Entering directory '/home/lt/zephyrproject2.1/zephyr/samples/gui/lvgl/build/CMakeFiles/CMakeTmp'
Building C object CMakeFiles/cmTC_adbf6.dir/src.c.obj
/usr/local/src/llvm/build/bin/clang --target=i686-pc-none-elf   -Dcheck_Wformat_invalid_specifier_C__nostartfiles__nostdlib__isystem__usr_local_src_llvm_build_lib_clang_9_0_0_include__isystem__usr_lib_gcc_x86_64_linux_gnu_7_5_0_include_fixed__Wl___unresolved_symbols_ignore_in_object_files -nostartfiles -nostdlib -isystem /usr/local/src/llvm/build/lib/clang/9.0.0/include -isystem /usr/lib/gcc/x86_64-linux-gnu/7.5.0/include-fixed -Wl,--unresolved-symbols=ignore-in-object-files   -Wformat-invalid-specifier -o CMakeFiles/cmTC_adbf6.dir/src.c.obj   -c /home/lt/zephyrproject2.1/zephyr/samples/gui/lvgl/build/CMakeFiles/CMakeTmp/src.c
clang-9: warning: -Wl,--unresolved-symbols=ignore-in-object-files: 'linker' input unused [-Wunused-command-line-argument]
clang-9: warning: argument unused during compilation: '-nostartfiles' [-Wunused-command-line-argument]
Linking C executable cmTC_adbf6
/usr/local/bin/cmake -E cmake_link_script CMakeFiles/cmTC_adbf6.dir/link.txt --verbose=1
/usr/local/src/llvm/build/bin/clang --target=i686-pc-none-elf  -Dcheck_Wformat_invalid_specifier_C__nostartfiles__nostdlib__isystem__usr_local_src_llvm_build_lib_clang_9_0_0_include__isystem__usr_lib_gcc_x86_64_linux_gnu_7_5_0_include_fixed__Wl___unresolved_symbols_ignore_in_object_files -nostartfiles -nostdlib -isystem /usr/local/src/llvm/build/lib/clang/9.0.0/include -isystem /usr/lib/gcc/x86_64-linux-gnu/7.5.0/include-fixed -Wl,--unresolved-symbols=ignore-in-object-files    CMakeFiles/cmTC_adbf6.dir/src.c.obj  -o cmTC_adbf6 
/usr/bin/ld: warning: cannot find entry symbol _start; defaulting to 00000000000001a0
make[1]: Leaving directory '/home/lt/zephyrproject2.1/zephyr/samples/gui/lvgl/build/CMakeFiles/CMakeTmp'


Source file was:
int main(void) { return 0; }
Performing C SOURCE FILE Test check_Wgnu_C__nostartfiles__nostdlib__isystem__usr_local_src_llvm_build_lib_clang_9_0_0_include__isystem__usr_lib_gcc_x86_64_linux_gnu_7_5_0_include_fixed__Wl___unresolved_symbols_ignore_in_object_files succeeded with the following output:
Change Dir: /home/lt/zephyrproject2.1/zephyr/samples/gui/lvgl/build/CMakeFiles/CMakeTmp

Run Build Command(s):/usr/bin/make cmTC_fcfdb/fast && /usr/bin/make -f CMakeFiles/cmTC_fcfdb.dir/build.make CMakeFiles/cmTC_fcfdb.dir/build
make[1]: Entering directory '/home/lt/zephyrproject2.1/zephyr/samples/gui/lvgl/build/CMakeFiles/CMakeTmp'
Building C object CMakeFiles/cmTC_fcfdb.dir/src.c.obj
/usr/local/src/llvm/build/bin/clang --target=i686-pc-none-elf   -Dcheck_Wgnu_C__nostartfiles__nostdlib__isystem__usr_local_src_llvm_build_lib_clang_9_0_0_include__isystem__usr_lib_gcc_x86_64_linux_gnu_7_5_0_include_fixed__Wl___unresolved_symbols_ignore_in_object_files -nostartfiles -nostdlib -isystem /usr/local/src/llvm/build/lib/clang/9.0.0/include -isystem /usr/lib/gcc/x86_64-linux-gnu/7.5.0/include-fixed -Wl,--unresolved-symbols=ignore-in-object-files   -Wgnu -o CMakeFiles/cmTC_fcfdb.dir/src.c.obj   -c /home/lt/zephyrproject2.1/zephyr/samples/gui/lvgl/build/CMakeFiles/CMakeTmp/src.c
clang-9: warning: -Wl,--unresolved-symbols=ignore-in-object-files: 'linker' input unused [-Wunused-command-line-argument]
clang-9: warning: argument unused during compilation: '-nostartfiles' [-Wunused-command-line-argument]
Linking C executable cmTC_fcfdb
/usr/local/bin/cmake -E cmake_link_script CMakeFiles/cmTC_fcfdb.dir/link.txt --verbose=1
/usr/local/src/llvm/build/bin/clang --target=i686-pc-none-elf  -Dcheck_Wgnu_C__nostartfiles__nostdlib__isystem__usr_local_src_llvm_build_lib_clang_9_0_0_include__isystem__usr_lib_gcc_x86_64_linux_gnu_7_5_0_include_fixed__Wl___unresolved_symbols_ignore_in_object_files -nostartfiles -nostdlib -isystem /usr/local/src/llvm/build/lib/clang/9.0.0/include -isystem /usr/lib/gcc/x86_64-linux-gnu/7.5.0/include-fixed -Wl,--unresolved-symbols=ignore-in-object-files    CMakeFiles/cmTC_fcfdb.dir/src.c.obj  -o cmTC_fcfdb 
/usr/bin/ld: warning: cannot find entry symbol _start; defaulting to 00000000000001a0
make[1]: Leaving directory '/home/lt/zephyrproject2.1/zephyr/samples/gui/lvgl/build/CMakeFiles/CMakeTmp'


Source file was:
int main(void) { return 0; }
Performing C SOURCE FILE Test check_Wtautological_compare_C__nostartfiles__nostdlib__isystem__usr_local_src_llvm_build_lib_clang_9_0_0_include__isystem__usr_lib_gcc_x86_64_linux_gnu_7_5_0_include_fixed__Wl___unresolved_symbols_ignore_in_object_files succeeded with the following output:
Change Dir: /home/lt/zephyrproject2.1/zephyr/samples/gui/lvgl/build/CMakeFiles/CMakeTmp

Run Build Command(s):/usr/bin/make cmTC_fd012/fast && /usr/bin/make -f CMakeFiles/cmTC_fd012.dir/build.make CMakeFiles/cmTC_fd012.dir/build
make[1]: Entering directory '/home/lt/zephyrproject2.1/zephyr/samples/gui/lvgl/build/CMakeFiles/CMakeTmp'
Building C object CMakeFiles/cmTC_fd012.dir/src.c.obj
/usr/local/src/llvm/build/bin/clang --target=i686-pc-none-elf   -Dcheck_Wtautological_compare_C__nostartfiles__nostdlib__isystem__usr_local_src_llvm_build_lib_clang_9_0_0_include__isystem__usr_lib_gcc_x86_64_linux_gnu_7_5_0_include_fixed__Wl___unresolved_symbols_ignore_in_object_files -nostartfiles -nostdlib -isystem /usr/local/src/llvm/build/lib/clang/9.0.0/include -isystem /usr/lib/gcc/x86_64-linux-gnu/7.5.0/include-fixed -Wl,--unresolved-symbols=ignore-in-object-files   -Wtautological-compare -o CMakeFiles/cmTC_fd012.dir/src.c.obj   -c /home/lt/zephyrproject2.1/zephyr/samples/gui/lvgl/build/CMakeFiles/CMakeTmp/src.c
clang-9: warning: -Wl,--unresolved-symbols=ignore-in-object-files: 'linker' input unused [-Wunused-command-line-argument]
clang-9: warning: argument unused during compilation: '-nostartfiles' [-Wunused-command-line-argument]
Linking C executable cmTC_fd012
/usr/local/bin/cmake -E cmake_link_script CMakeFiles/cmTC_fd012.dir/link.txt --verbose=1
/usr/local/src/llvm/build/bin/clang --target=i686-pc-none-elf  -Dcheck_Wtautological_compare_C__nostartfiles__nostdlib__isystem__usr_local_src_llvm_build_lib_clang_9_0_0_include__isystem__usr_lib_gcc_x86_64_linux_gnu_7_5_0_include_fixed__Wl___unresolved_symbols_ignore_in_object_files -nostartfiles -nostdlib -isystem /usr/local/src/llvm/build/lib/clang/9.0.0/include -isystem /usr/lib/gcc/x86_64-linux-gnu/7.5.0/include-fixed -Wl,--unresolved-symbols=ignore-in-object-files    CMakeFiles/cmTC_fd012.dir/src.c.obj  -o cmTC_fd012 
/usr/bin/ld: warning: cannot find entry symbol _start; defaulting to 00000000000001a0
make[1]: Leaving directory '/home/lt/zephyrproject2.1/zephyr/samples/gui/lvgl/build/CMakeFiles/CMakeTmp'


Source file was:
int main(void) { return 0; }
Performing C SOURCE FILE Test check_Werror_implicit_int_C__nostartfiles__nostdlib__isystem__usr_local_src_llvm_build_lib_clang_9_0_0_include__isystem__usr_lib_gcc_x86_64_linux_gnu_7_5_0_include_fixed__Wl___unresolved_symbols_ignore_in_object_files succeeded with the following output:
Change Dir: /home/lt/zephyrproject2.1/zephyr/samples/gui/lvgl/build/CMakeFiles/CMakeTmp

Run Build Command(s):/usr/bin/make cmTC_4d4f5/fast && /usr/bin/make -f CMakeFiles/cmTC_4d4f5.dir/build.make CMakeFiles/cmTC_4d4f5.dir/build
make[1]: Entering directory '/home/lt/zephyrproject2.1/zephyr/samples/gui/lvgl/build/CMakeFiles/CMakeTmp'
Building C object CMakeFiles/cmTC_4d4f5.dir/src.c.obj
/usr/local/src/llvm/build/bin/clang --target=i686-pc-none-elf   -Dcheck_Werror_implicit_int_C__nostartfiles__nostdlib__isystem__usr_local_src_llvm_build_lib_clang_9_0_0_include__isystem__usr_lib_gcc_x86_64_linux_gnu_7_5_0_include_fixed__Wl___unresolved_symbols_ignore_in_object_files -nostartfiles -nostdlib -isystem /usr/local/src/llvm/build/lib/clang/9.0.0/include -isystem /usr/lib/gcc/x86_64-linux-gnu/7.5.0/include-fixed -Wl,--unresolved-symbols=ignore-in-object-files   -Werror=implicit-int -o CMakeFiles/cmTC_4d4f5.dir/src.c.obj   -c /home/lt/zephyrproject2.1/zephyr/samples/gui/lvgl/build/CMakeFiles/CMakeTmp/src.c
clang-9: warning: -Wl,--unresolved-symbols=ignore-in-object-files: 'linker' input unused [-Wunused-command-line-argument]
clang-9: warning: argument unused during compilation: '-nostartfiles' [-Wunused-command-line-argument]
Linking C executable cmTC_4d4f5
/usr/local/bin/cmake -E cmake_link_script CMakeFiles/cmTC_4d4f5.dir/link.txt --verbose=1
/usr/local/src/llvm/build/bin/clang --target=i686-pc-none-elf  -Dcheck_Werror_implicit_int_C__nostartfiles__nostdlib__isystem__usr_local_src_llvm_build_lib_clang_9_0_0_include__isystem__usr_lib_gcc_x86_64_linux_gnu_7_5_0_include_fixed__Wl___unresolved_symbols_ignore_in_object_files -nostartfiles -nostdlib -isystem /usr/local/src/llvm/build/lib/clang/9.0.0/include -isystem /usr/lib/gcc/x86_64-linux-gnu/7.5.0/include-fixed -Wl,--unresolved-symbols=ignore-in-object-files    CMakeFiles/cmTC_4d4f5.dir/src.c.obj  -o cmTC_4d4f5 
/usr/bin/ld: warning: cannot find entry symbol _start; defaulting to 00000000000001a0
make[1]: Leaving directory '/home/lt/zephyrproject2.1/zephyr/samples/gui/lvgl/build/CMakeFiles/CMakeTmp'


Source file was:
int main(void) { return 0; }
Performing C SOURCE FILE Test check_fno_asynchronous_unwind_tables_C__nostartfiles__nostdlib__isystem__usr_local_src_llvm_build_lib_clang_9_0_0_include__isystem__usr_lib_gcc_x86_64_linux_gnu_7_5_0_include_fixed__Wl___unresolved_symbols_ignore_in_object_files succeeded with the following output:
Change Dir: /home/lt/zephyrproject2.1/zephyr/samples/gui/lvgl/build/CMakeFiles/CMakeTmp

Run Build Command(s):/usr/bin/make cmTC_40a75/fast && /usr/bin/make -f CMakeFiles/cmTC_40a75.dir/build.make CMakeFiles/cmTC_40a75.dir/build
make[1]: Entering directory '/home/lt/zephyrproject2.1/zephyr/samples/gui/lvgl/build/CMakeFiles/CMakeTmp'
Building C object CMakeFiles/cmTC_40a75.dir/src.c.obj
/usr/local/src/llvm/build/bin/clang --target=i686-pc-none-elf   -Dcheck_fno_asynchronous_unwind_tables_C__nostartfiles__nostdlib__isystem__usr_local_src_llvm_build_lib_clang_9_0_0_include__isystem__usr_lib_gcc_x86_64_linux_gnu_7_5_0_include_fixed__Wl___unresolved_symbols_ignore_in_object_files -nostartfiles -nostdlib -isystem /usr/local/src/llvm/build/lib/clang/9.0.0/include -isystem /usr/lib/gcc/x86_64-linux-gnu/7.5.0/include-fixed -Wl,--unresolved-symbols=ignore-in-object-files   -fno-asynchronous-unwind-tables -o CMakeFiles/cmTC_40a75.dir/src.c.obj   -c /home/lt/zephyrproject2.1/zephyr/samples/gui/lvgl/build/CMakeFiles/CMakeTmp/src.c
clang-9: warning: -Wl,--unresolved-symbols=ignore-in-object-files: 'linker' input unused [-Wunused-command-line-argument]
clang-9: warning: argument unused during compilation: '-nostartfiles' [-Wunused-command-line-argument]
Linking C executable cmTC_40a75
/usr/local/bin/cmake -E cmake_link_script CMakeFiles/cmTC_40a75.dir/link.txt --verbose=1
/usr/local/src/llvm/build/bin/clang --target=i686-pc-none-elf  -Dcheck_fno_asynchronous_unwind_tables_C__nostartfiles__nostdlib__isystem__usr_local_src_llvm_build_lib_clang_9_0_0_include__isystem__usr_lib_gcc_x86_64_linux_gnu_7_5_0_include_fixed__Wl___unresolved_symbols_ignore_in_object_files -nostartfiles -nostdlib -isystem /usr/local/src/llvm/build/lib/clang/9.0.0/include -isystem /usr/lib/gcc/x86_64-linux-gnu/7.5.0/include-fixed -Wl,--unresolved-symbols=ignore-in-object-files    CMakeFiles/cmTC_40a75.dir/src.c.obj  -o cmTC_40a75 
/usr/bin/ld: warning: cannot find entry symbol _start; defaulting to 00000000000001a0
make[1]: Leaving directory '/home/lt/zephyrproject2.1/zephyr/samples/gui/lvgl/build/CMakeFiles/CMakeTmp'


Source file was:
int main(void) { return 0; }
Performing C SOURCE FILE Test check_fno_pie_C__nostartfiles__nostdlib__isystem__usr_local_src_llvm_build_lib_clang_9_0_0_include__isystem__usr_lib_gcc_x86_64_linux_gnu_7_5_0_include_fixed__Wl___unresolved_symbols_ignore_in_object_files succeeded with the following output:
Change Dir: /home/lt/zephyrproject2.1/zephyr/samples/gui/lvgl/build/CMakeFiles/CMakeTmp

Run Build Command(s):/usr/bin/make cmTC_fee4e/fast && /usr/bin/make -f CMakeFiles/cmTC_fee4e.dir/build.make CMakeFiles/cmTC_fee4e.dir/build
make[1]: Entering directory '/home/lt/zephyrproject2.1/zephyr/samples/gui/lvgl/build/CMakeFiles/CMakeTmp'
Building C object CMakeFiles/cmTC_fee4e.dir/src.c.obj
/usr/local/src/llvm/build/bin/clang --target=i686-pc-none-elf   -Dcheck_fno_pie_C__nostartfiles__nostdlib__isystem__usr_local_src_llvm_build_lib_clang_9_0_0_include__isystem__usr_lib_gcc_x86_64_linux_gnu_7_5_0_include_fixed__Wl___unresolved_symbols_ignore_in_object_files -nostartfiles -nostdlib -isystem /usr/local/src/llvm/build/lib/clang/9.0.0/include -isystem /usr/lib/gcc/x86_64-linux-gnu/7.5.0/include-fixed -Wl,--unresolved-symbols=ignore-in-object-files   -fno-pie -o CMakeFiles/cmTC_fee4e.dir/src.c.obj   -c /home/lt/zephyrproject2.1/zephyr/samples/gui/lvgl/build/CMakeFiles/CMakeTmp/src.c
clang-9: warning: -Wl,--unresolved-symbols=ignore-in-object-files: 'linker' input unused [-Wunused-command-line-argument]
clang-9: warning: argument unused during compilation: '-nostartfiles' [-Wunused-command-line-argument]
Linking C executable cmTC_fee4e
/usr/local/bin/cmake -E cmake_link_script CMakeFiles/cmTC_fee4e.dir/link.txt --verbose=1
/usr/local/src/llvm/build/bin/clang --target=i686-pc-none-elf  -Dcheck_fno_pie_C__nostartfiles__nostdlib__isystem__usr_local_src_llvm_build_lib_clang_9_0_0_include__isystem__usr_lib_gcc_x86_64_linux_gnu_7_5_0_include_fixed__Wl___unresolved_symbols_ignore_in_object_files -nostartfiles -nostdlib -isystem /usr/local/src/llvm/build/lib/clang/9.0.0/include -isystem /usr/lib/gcc/x86_64-linux-gnu/7.5.0/include-fixed -Wl,--unresolved-symbols=ignore-in-object-files    CMakeFiles/cmTC_fee4e.dir/src.c.obj  -o cmTC_fee4e 
/usr/bin/ld: warning: cannot find entry symbol _start; defaulting to 00000000000001a0
make[1]: Leaving directory '/home/lt/zephyrproject2.1/zephyr/samples/gui/lvgl/build/CMakeFiles/CMakeTmp'


Source file was:
int main(void) { return 0; }
Performing C SOURCE FILE Test check_fno_pic_C__nostartfiles__nostdlib__isystem__usr_local_src_llvm_build_lib_clang_9_0_0_include__isystem__usr_lib_gcc_x86_64_linux_gnu_7_5_0_include_fixed__Wl___unresolved_symbols_ignore_in_object_files succeeded with the following output:
Change Dir: /home/lt/zephyrproject2.1/zephyr/samples/gui/lvgl/build/CMakeFiles/CMakeTmp

Run Build Command(s):/usr/bin/make cmTC_4ee58/fast && /usr/bin/make -f CMakeFiles/cmTC_4ee58.dir/build.make CMakeFiles/cmTC_4ee58.dir/build
make[1]: Entering directory '/home/lt/zephyrproject2.1/zephyr/samples/gui/lvgl/build/CMakeFiles/CMakeTmp'
Building C object CMakeFiles/cmTC_4ee58.dir/src.c.obj
/usr/local/src/llvm/build/bin/clang --target=i686-pc-none-elf   -Dcheck_fno_pic_C__nostartfiles__nostdlib__isystem__usr_local_src_llvm_build_lib_clang_9_0_0_include__isystem__usr_lib_gcc_x86_64_linux_gnu_7_5_0_include_fixed__Wl___unresolved_symbols_ignore_in_object_files -nostartfiles -nostdlib -isystem /usr/local/src/llvm/build/lib/clang/9.0.0/include -isystem /usr/lib/gcc/x86_64-linux-gnu/7.5.0/include-fixed -Wl,--unresolved-symbols=ignore-in-object-files   -fno-pic -o CMakeFiles/cmTC_4ee58.dir/src.c.obj   -c /home/lt/zephyrproject2.1/zephyr/samples/gui/lvgl/build/CMakeFiles/CMakeTmp/src.c
clang-9: warning: -Wl,--unresolved-symbols=ignore-in-object-files: 'linker' input unused [-Wunused-command-line-argument]
clang-9: warning: argument unused during compilation: '-nostartfiles' [-Wunused-command-line-argument]
Linking C executable cmTC_4ee58
/usr/local/bin/cmake -E cmake_link_script CMakeFiles/cmTC_4ee58.dir/link.txt --verbose=1
/usr/local/src/llvm/build/bin/clang --target=i686-pc-none-elf  -Dcheck_fno_pic_C__nostartfiles__nostdlib__isystem__usr_local_src_llvm_build_lib_clang_9_0_0_include__isystem__usr_lib_gcc_x86_64_linux_gnu_7_5_0_include_fixed__Wl___unresolved_symbols_ignore_in_object_files -nostartfiles -nostdlib -isystem /usr/local/src/llvm/build/lib/clang/9.0.0/include -isystem /usr/lib/gcc/x86_64-linux-gnu/7.5.0/include-fixed -Wl,--unresolved-symbols=ignore-in-object-files    CMakeFiles/cmTC_4ee58.dir/src.c.obj  -o cmTC_4ee58 
/usr/bin/ld: warning: cannot find entry symbol _start; defaulting to 00000000000001a0
make[1]: Leaving directory '/home/lt/zephyrproject2.1/zephyr/samples/gui/lvgl/build/CMakeFiles/CMakeTmp'


Source file was:
int main(void) { return 0; }
Performing C SOURCE FILE Test check_fno_strict_overflow_C__nostartfiles__nostdlib__isystem__usr_local_src_llvm_build_lib_clang_9_0_0_include__isystem__usr_lib_gcc_x86_64_linux_gnu_7_5_0_include_fixed__Wl___unresolved_symbols_ignore_in_object_files succeeded with the following output:
Change Dir: /home/lt/zephyrproject2.1/zephyr/samples/gui/lvgl/build/CMakeFiles/CMakeTmp

Run Build Command(s):/usr/bin/make cmTC_8134f/fast && /usr/bin/make -f CMakeFiles/cmTC_8134f.dir/build.make CMakeFiles/cmTC_8134f.dir/build
make[1]: Entering directory '/home/lt/zephyrproject2.1/zephyr/samples/gui/lvgl/build/CMakeFiles/CMakeTmp'
Building C object CMakeFiles/cmTC_8134f.dir/src.c.obj
/usr/local/src/llvm/build/bin/clang --target=i686-pc-none-elf   -Dcheck_fno_strict_overflow_C__nostartfiles__nostdlib__isystem__usr_local_src_llvm_build_lib_clang_9_0_0_include__isystem__usr_lib_gcc_x86_64_linux_gnu_7_5_0_include_fixed__Wl___unresolved_symbols_ignore_in_object_files -nostartfiles -nostdlib -isystem /usr/local/src/llvm/build/lib/clang/9.0.0/include -isystem /usr/lib/gcc/x86_64-linux-gnu/7.5.0/include-fixed -Wl,--unresolved-symbols=ignore-in-object-files   -fno-strict-overflow -o CMakeFiles/cmTC_8134f.dir/src.c.obj   -c /home/lt/zephyrproject2.1/zephyr/samples/gui/lvgl/build/CMakeFiles/CMakeTmp/src.c
clang-9: warning: -Wl,--unresolved-symbols=ignore-in-object-files: 'linker' input unused [-Wunused-command-line-argument]
clang-9: warning: argument unused during compilation: '-nostartfiles' [-Wunused-command-line-argument]
Linking C executable cmTC_8134f
/usr/local/bin/cmake -E cmake_link_script CMakeFiles/cmTC_8134f.dir/link.txt --verbose=1
/usr/local/src/llvm/build/bin/clang --target=i686-pc-none-elf  -Dcheck_fno_strict_overflow_C__nostartfiles__nostdlib__isystem__usr_local_src_llvm_build_lib_clang_9_0_0_include__isystem__usr_lib_gcc_x86_64_linux_gnu_7_5_0_include_fixed__Wl___unresolved_symbols_ignore_in_object_files -nostartfiles -nostdlib -isystem /usr/local/src/llvm/build/lib/clang/9.0.0/include -isystem /usr/lib/gcc/x86_64-linux-gnu/7.5.0/include-fixed -Wl,--unresolved-symbols=ignore-in-object-files    CMakeFiles/cmTC_8134f.dir/src.c.obj  -o cmTC_8134f 
/usr/bin/ld: warning: cannot find entry symbol _start; defaulting to 00000000000001a0
make[1]: Leaving directory '/home/lt/zephyrproject2.1/zephyr/samples/gui/lvgl/build/CMakeFiles/CMakeTmp'


Source file was:
int main(void) { return 0; }
Performing C SOURCE FILE Test check_ffunction_sections_C__nostartfiles__nostdlib__isystem__usr_local_src_llvm_build_lib_clang_9_0_0_include__isystem__usr_lib_gcc_x86_64_linux_gnu_7_5_0_include_fixed__Wl___unresolved_symbols_ignore_in_object_files succeeded with the following output:
Change Dir: /home/lt/zephyrproject2.1/zephyr/samples/gui/lvgl/build/CMakeFiles/CMakeTmp

Run Build Command(s):/usr/bin/make cmTC_9c331/fast && /usr/bin/make -f CMakeFiles/cmTC_9c331.dir/build.make CMakeFiles/cmTC_9c331.dir/build
make[1]: Entering directory '/home/lt/zephyrproject2.1/zephyr/samples/gui/lvgl/build/CMakeFiles/CMakeTmp'
Building C object CMakeFiles/cmTC_9c331.dir/src.c.obj
/usr/local/src/llvm/build/bin/clang --target=i686-pc-none-elf   -Dcheck_ffunction_sections_C__nostartfiles__nostdlib__isystem__usr_local_src_llvm_build_lib_clang_9_0_0_include__isystem__usr_lib_gcc_x86_64_linux_gnu_7_5_0_include_fixed__Wl___unresolved_symbols_ignore_in_object_files -nostartfiles -nostdlib -isystem /usr/local/src/llvm/build/lib/clang/9.0.0/include -isystem /usr/lib/gcc/x86_64-linux-gnu/7.5.0/include-fixed -Wl,--unresolved-symbols=ignore-in-object-files   -ffunction-sections -o CMakeFiles/cmTC_9c331.dir/src.c.obj   -c /home/lt/zephyrproject2.1/zephyr/samples/gui/lvgl/build/CMakeFiles/CMakeTmp/src.c
clang-9: warning: -Wl,--unresolved-symbols=ignore-in-object-files: 'linker' input unused [-Wunused-command-line-argument]
clang-9: warning: argument unused during compilation: '-nostartfiles' [-Wunused-command-line-argument]
Linking C executable cmTC_9c331
/usr/local/bin/cmake -E cmake_link_script CMakeFiles/cmTC_9c331.dir/link.txt --verbose=1
/usr/local/src/llvm/build/bin/clang --target=i686-pc-none-elf  -Dcheck_ffunction_sections_C__nostartfiles__nostdlib__isystem__usr_local_src_llvm_build_lib_clang_9_0_0_include__isystem__usr_lib_gcc_x86_64_linux_gnu_7_5_0_include_fixed__Wl___unresolved_symbols_ignore_in_object_files -nostartfiles -nostdlib -isystem /usr/local/src/llvm/build/lib/clang/9.0.0/include -isystem /usr/lib/gcc/x86_64-linux-gnu/7.5.0/include-fixed -Wl,--unresolved-symbols=ignore-in-object-files    CMakeFiles/cmTC_9c331.dir/src.c.obj  -o cmTC_9c331 
/usr/bin/ld: warning: cannot find entry symbol _start; defaulting to 00000000000001a0
make[1]: Leaving directory '/home/lt/zephyrproject2.1/zephyr/samples/gui/lvgl/build/CMakeFiles/CMakeTmp'


Source file was:
int main(void) { return 0; }
Performing C SOURCE FILE Test check_fdata_sections_C__nostartfiles__nostdlib__isystem__usr_local_src_llvm_build_lib_clang_9_0_0_include__isystem__usr_lib_gcc_x86_64_linux_gnu_7_5_0_include_fixed__Wl___unresolved_symbols_ignore_in_object_files succeeded with the following output:
Change Dir: /home/lt/zephyrproject2.1/zephyr/samples/gui/lvgl/build/CMakeFiles/CMakeTmp

Run Build Command(s):/usr/bin/make cmTC_08410/fast && /usr/bin/make -f CMakeFiles/cmTC_08410.dir/build.make CMakeFiles/cmTC_08410.dir/build
make[1]: Entering directory '/home/lt/zephyrproject2.1/zephyr/samples/gui/lvgl/build/CMakeFiles/CMakeTmp'
Building C object CMakeFiles/cmTC_08410.dir/src.c.obj
/usr/local/src/llvm/build/bin/clang --target=i686-pc-none-elf   -Dcheck_fdata_sections_C__nostartfiles__nostdlib__isystem__usr_local_src_llvm_build_lib_clang_9_0_0_include__isystem__usr_lib_gcc_x86_64_linux_gnu_7_5_0_include_fixed__Wl___unresolved_symbols_ignore_in_object_files -nostartfiles -nostdlib -isystem /usr/local/src/llvm/build/lib/clang/9.0.0/include -isystem /usr/lib/gcc/x86_64-linux-gnu/7.5.0/include-fixed -Wl,--unresolved-symbols=ignore-in-object-files   -fdata-sections -o CMakeFiles/cmTC_08410.dir/src.c.obj   -c /home/lt/zephyrproject2.1/zephyr/samples/gui/lvgl/build/CMakeFiles/CMakeTmp/src.c
clang-9: warning: -Wl,--unresolved-symbols=ignore-in-object-files: 'linker' input unused [-Wunused-command-line-argument]
clang-9: warning: argument unused during compilation: '-nostartfiles' [-Wunused-command-line-argument]
Linking C executable cmTC_08410
/usr/local/bin/cmake -E cmake_link_script CMakeFiles/cmTC_08410.dir/link.txt --verbose=1
/usr/local/src/llvm/build/bin/clang --target=i686-pc-none-elf  -Dcheck_fdata_sections_C__nostartfiles__nostdlib__isystem__usr_local_src_llvm_build_lib_clang_9_0_0_include__isystem__usr_lib_gcc_x86_64_linux_gnu_7_5_0_include_fixed__Wl___unresolved_symbols_ignore_in_object_files -nostartfiles -nostdlib -isystem /usr/local/src/llvm/build/lib/clang/9.0.0/include -isystem /usr/lib/gcc/x86_64-linux-gnu/7.5.0/include-fixed -Wl,--unresolved-symbols=ignore-in-object-files    CMakeFiles/cmTC_08410.dir/src.c.obj  -o cmTC_08410 
/usr/bin/ld: warning: cannot find entry symbol _start; defaulting to 00000000000001a0
make[1]: Leaving directory '/home/lt/zephyrproject2.1/zephyr/samples/gui/lvgl/build/CMakeFiles/CMakeTmp'


Source file was:
int main(void) { return 0; }
Performing C SOURCE FILE Test check_m32_C__nostartfiles__nostdlib__isystem__usr_local_src_llvm_build_lib_clang_9_0_0_include__isystem__usr_lib_gcc_x86_64_linux_gnu_7_5_0_include_fixed__Wl___unresolved_symbols_ignore_in_object_files succeeded with the following output:
Change Dir: /home/lt/zephyrproject2.1/zephyr/samples/gui/lvgl/build/CMakeFiles/CMakeTmp

Run Build Command(s):/usr/bin/make cmTC_9e1e6/fast && /usr/bin/make -f CMakeFiles/cmTC_9e1e6.dir/build.make CMakeFiles/cmTC_9e1e6.dir/build
make[1]: Entering directory '/home/lt/zephyrproject2.1/zephyr/samples/gui/lvgl/build/CMakeFiles/CMakeTmp'
Building C object CMakeFiles/cmTC_9e1e6.dir/src.c.obj
/usr/local/src/llvm/build/bin/clang --target=i686-pc-none-elf   -Dcheck_m32_C__nostartfiles__nostdlib__isystem__usr_local_src_llvm_build_lib_clang_9_0_0_include__isystem__usr_lib_gcc_x86_64_linux_gnu_7_5_0_include_fixed__Wl___unresolved_symbols_ignore_in_object_files -nostartfiles -nostdlib -isystem /usr/local/src/llvm/build/lib/clang/9.0.0/include -isystem /usr/lib/gcc/x86_64-linux-gnu/7.5.0/include-fixed -Wl,--unresolved-symbols=ignore-in-object-files   -m32 -o CMakeFiles/cmTC_9e1e6.dir/src.c.obj   -c /home/lt/zephyrproject2.1/zephyr/samples/gui/lvgl/build/CMakeFiles/CMakeTmp/src.c
clang-9: warning: -Wl,--unresolved-symbols=ignore-in-object-files: 'linker' input unused [-Wunused-command-line-argument]
clang-9: warning: argument unused during compilation: '-nostartfiles' [-Wunused-command-line-argument]
Linking C executable cmTC_9e1e6
/usr/local/bin/cmake -E cmake_link_script CMakeFiles/cmTC_9e1e6.dir/link.txt --verbose=1
/usr/local/src/llvm/build/bin/clang --target=i686-pc-none-elf  -Dcheck_m32_C__nostartfiles__nostdlib__isystem__usr_local_src_llvm_build_lib_clang_9_0_0_include__isystem__usr_lib_gcc_x86_64_linux_gnu_7_5_0_include_fixed__Wl___unresolved_symbols_ignore_in_object_files -nostartfiles -nostdlib -isystem /usr/local/src/llvm/build/lib/clang/9.0.0/include -isystem /usr/lib/gcc/x86_64-linux-gnu/7.5.0/include-fixed -Wl,--unresolved-symbols=ignore-in-object-files    CMakeFiles/cmTC_9e1e6.dir/src.c.obj  -o cmTC_9e1e6 
/usr/bin/ld: warning: cannot find entry symbol _start; defaulting to 00000000000001a0
make[1]: Leaving directory '/home/lt/zephyrproject2.1/zephyr/samples/gui/lvgl/build/CMakeFiles/CMakeTmp'


Source file was:
int main(void) { return 0; }
Performing C SOURCE FILE Test check_gdwarf_2_C__nostartfiles__nostdlib__isystem__usr_local_src_llvm_build_lib_clang_9_0_0_include__isystem__usr_lib_gcc_x86_64_linux_gnu_7_5_0_include_fixed__Wl___unresolved_symbols_ignore_in_object_files succeeded with the following output:
Change Dir: /home/lt/zephyrproject2.1/zephyr/samples/gui/lvgl/build/CMakeFiles/CMakeTmp

Run Build Command(s):/usr/bin/make cmTC_94b0a/fast && /usr/bin/make -f CMakeFiles/cmTC_94b0a.dir/build.make CMakeFiles/cmTC_94b0a.dir/build
make[1]: Entering directory '/home/lt/zephyrproject2.1/zephyr/samples/gui/lvgl/build/CMakeFiles/CMakeTmp'
Building C object CMakeFiles/cmTC_94b0a.dir/src.c.obj
/usr/local/src/llvm/build/bin/clang --target=i686-pc-none-elf   -Dcheck_gdwarf_2_C__nostartfiles__nostdlib__isystem__usr_local_src_llvm_build_lib_clang_9_0_0_include__isystem__usr_lib_gcc_x86_64_linux_gnu_7_5_0_include_fixed__Wl___unresolved_symbols_ignore_in_object_files -nostartfiles -nostdlib -isystem /usr/local/src/llvm/build/lib/clang/9.0.0/include -isystem /usr/lib/gcc/x86_64-linux-gnu/7.5.0/include-fixed -Wl,--unresolved-symbols=ignore-in-object-files   -gdwarf-2 -o CMakeFiles/cmTC_94b0a.dir/src.c.obj   -c /home/lt/zephyrproject2.1/zephyr/samples/gui/lvgl/build/CMakeFiles/CMakeTmp/src.c
clang-9: warning: -Wl,--unresolved-symbols=ignore-in-object-files: 'linker' input unused [-Wunused-command-line-argument]
clang-9: warning: argument unused during compilation: '-nostartfiles' [-Wunused-command-line-argument]
Linking C executable cmTC_94b0a
/usr/local/bin/cmake -E cmake_link_script CMakeFiles/cmTC_94b0a.dir/link.txt --verbose=1
/usr/local/src/llvm/build/bin/clang --target=i686-pc-none-elf  -Dcheck_gdwarf_2_C__nostartfiles__nostdlib__isystem__usr_local_src_llvm_build_lib_clang_9_0_0_include__isystem__usr_lib_gcc_x86_64_linux_gnu_7_5_0_include_fixed__Wl___unresolved_symbols_ignore_in_object_files -nostartfiles -nostdlib -isystem /usr/local/src/llvm/build/lib/clang/9.0.0/include -isystem /usr/lib/gcc/x86_64-linux-gnu/7.5.0/include-fixed -Wl,--unresolved-symbols=ignore-in-object-files    CMakeFiles/cmTC_94b0a.dir/src.c.obj  -o cmTC_94b0a 
/usr/bin/ld: warning: cannot find entry symbol _start; defaulting to 00000000000001a0
make[1]: Leaving directory '/home/lt/zephyrproject2.1/zephyr/samples/gui/lvgl/build/CMakeFiles/CMakeTmp'


Source file was:
int main(void) { return 0; }
Performing C SOURCE FILE Test check_mno_sse_C__nostartfiles__nostdlib__isystem__usr_local_src_llvm_build_lib_clang_9_0_0_include__isystem__usr_lib_gcc_x86_64_linux_gnu_7_5_0_include_fixed__Wl___unresolved_symbols_ignore_in_object_files succeeded with the following output:
Change Dir: /home/lt/zephyrproject2.1/zephyr/samples/gui/lvgl/build/CMakeFiles/CMakeTmp

Run Build Command(s):/usr/bin/make cmTC_fb3ea/fast && /usr/bin/make -f CMakeFiles/cmTC_fb3ea.dir/build.make CMakeFiles/cmTC_fb3ea.dir/build
make[1]: Entering directory '/home/lt/zephyrproject2.1/zephyr/samples/gui/lvgl/build/CMakeFiles/CMakeTmp'
Building C object CMakeFiles/cmTC_fb3ea.dir/src.c.obj
/usr/local/src/llvm/build/bin/clang --target=i686-pc-none-elf   -Dcheck_mno_sse_C__nostartfiles__nostdlib__isystem__usr_local_src_llvm_build_lib_clang_9_0_0_include__isystem__usr_lib_gcc_x86_64_linux_gnu_7_5_0_include_fixed__Wl___unresolved_symbols_ignore_in_object_files -nostartfiles -nostdlib -isystem /usr/local/src/llvm/build/lib/clang/9.0.0/include -isystem /usr/lib/gcc/x86_64-linux-gnu/7.5.0/include-fixed -Wl,--unresolved-symbols=ignore-in-object-files   -mno-sse -o CMakeFiles/cmTC_fb3ea.dir/src.c.obj   -c /home/lt/zephyrproject2.1/zephyr/samples/gui/lvgl/build/CMakeFiles/CMakeTmp/src.c
clang-9: warning: -Wl,--unresolved-symbols=ignore-in-object-files: 'linker' input unused [-Wunused-command-line-argument]
clang-9: warning: argument unused during compilation: '-nostartfiles' [-Wunused-command-line-argument]
Linking C executable cmTC_fb3ea
/usr/local/bin/cmake -E cmake_link_script CMakeFiles/cmTC_fb3ea.dir/link.txt --verbose=1
/usr/local/src/llvm/build/bin/clang --target=i686-pc-none-elf  -Dcheck_mno_sse_C__nostartfiles__nostdlib__isystem__usr_local_src_llvm_build_lib_clang_9_0_0_include__isystem__usr_lib_gcc_x86_64_linux_gnu_7_5_0_include_fixed__Wl___unresolved_symbols_ignore_in_object_files -nostartfiles -nostdlib -isystem /usr/local/src/llvm/build/lib/clang/9.0.0/include -isystem /usr/lib/gcc/x86_64-linux-gnu/7.5.0/include-fixed -Wl,--unresolved-symbols=ignore-in-object-files    CMakeFiles/cmTC_fb3ea.dir/src.c.obj  -o cmTC_fb3ea 
/usr/bin/ld: warning: cannot find entry symbol _start; defaulting to 00000000000001a0
make[1]: Leaving directory '/home/lt/zephyrproject2.1/zephyr/samples/gui/lvgl/build/CMakeFiles/CMakeTmp'


Source file was:
int main(void) { return 0; }
Performing C SOURCE FILE Test check_march_pentium_C__nostartfiles__nostdlib__isystem__usr_local_src_llvm_build_lib_clang_9_0_0_include__isystem__usr_lib_gcc_x86_64_linux_gnu_7_5_0_include_fixed__Wl___unresolved_symbols_ignore_in_object_files succeeded with the following output:
Change Dir: /home/lt/zephyrproject2.1/zephyr/samples/gui/lvgl/build/CMakeFiles/CMakeTmp

Run Build Command(s):/usr/bin/make cmTC_4a9c7/fast && /usr/bin/make -f CMakeFiles/cmTC_4a9c7.dir/build.make CMakeFiles/cmTC_4a9c7.dir/build
make[1]: Entering directory '/home/lt/zephyrproject2.1/zephyr/samples/gui/lvgl/build/CMakeFiles/CMakeTmp'
Building C object CMakeFiles/cmTC_4a9c7.dir/src.c.obj
/usr/local/src/llvm/build/bin/clang --target=i686-pc-none-elf   -Dcheck_march_pentium_C__nostartfiles__nostdlib__isystem__usr_local_src_llvm_build_lib_clang_9_0_0_include__isystem__usr_lib_gcc_x86_64_linux_gnu_7_5_0_include_fixed__Wl___unresolved_symbols_ignore_in_object_files -nostartfiles -nostdlib -isystem /usr/local/src/llvm/build/lib/clang/9.0.0/include -isystem /usr/lib/gcc/x86_64-linux-gnu/7.5.0/include-fixed -Wl,--unresolved-symbols=ignore-in-object-files   -march=pentium -o CMakeFiles/cmTC_4a9c7.dir/src.c.obj   -c /home/lt/zephyrproject2.1/zephyr/samples/gui/lvgl/build/CMakeFiles/CMakeTmp/src.c
clang-9: warning: -Wl,--unresolved-symbols=ignore-in-object-files: 'linker' input unused [-Wunused-command-line-argument]
clang-9: warning: argument unused during compilation: '-nostartfiles' [-Wunused-command-line-argument]
Linking C executable cmTC_4a9c7
/usr/local/bin/cmake -E cmake_link_script CMakeFiles/cmTC_4a9c7.dir/link.txt --verbose=1
/usr/local/src/llvm/build/bin/clang --target=i686-pc-none-elf  -Dcheck_march_pentium_C__nostartfiles__nostdlib__isystem__usr_local_src_llvm_build_lib_clang_9_0_0_include__isystem__usr_lib_gcc_x86_64_linux_gnu_7_5_0_include_fixed__Wl___unresolved_symbols_ignore_in_object_files -nostartfiles -nostdlib -isystem /usr/local/src/llvm/build/lib/clang/9.0.0/include -isystem /usr/lib/gcc/x86_64-linux-gnu/7.5.0/include-fixed -Wl,--unresolved-symbols=ignore-in-object-files    CMakeFiles/cmTC_4a9c7.dir/src.c.obj  -o cmTC_4a9c7 
/usr/bin/ld: warning: cannot find entry symbol _start; defaulting to 00000000000001a0
make[1]: Leaving directory '/home/lt/zephyrproject2.1/zephyr/samples/gui/lvgl/build/CMakeFiles/CMakeTmp'


Source file was:
int main(void) { return 0; }
Performing C SOURCE FILE Test check_C__nostartfiles__nostdlib__isystem__usr_local_src_llvm_build_lib_clang_9_0_0_include__isystem__usr_lib_gcc_x86_64_linux_gnu_7_5_0_include_fixed__Wl___unresolved_symbols_ignore_in_object_files__Wl___print_memory_usage succeeded with the following output:
Change Dir: /home/lt/zephyrproject2.1/zephyr/samples/gui/lvgl/build/CMakeFiles/CMakeTmp

Run Build Command(s):/usr/bin/make cmTC_abced/fast && /usr/bin/make -f CMakeFiles/cmTC_abced.dir/build.make CMakeFiles/cmTC_abced.dir/build
make[1]: Entering directory '/home/lt/zephyrproject2.1/zephyr/samples/gui/lvgl/build/CMakeFiles/CMakeTmp'
Building C object CMakeFiles/cmTC_abced.dir/src.c.obj
/usr/local/src/llvm/build/bin/clang --target=i686-pc-none-elf   -Dcheck_C__nostartfiles__nostdlib__isystem__usr_local_src_llvm_build_lib_clang_9_0_0_include__isystem__usr_lib_gcc_x86_64_linux_gnu_7_5_0_include_fixed__Wl___unresolved_symbols_ignore_in_object_files__Wl___print_memory_usage -nostartfiles -nostdlib -isystem /usr/local/src/llvm/build/lib/clang/9.0.0/include -isystem /usr/lib/gcc/x86_64-linux-gnu/7.5.0/include-fixed -Wl,--unresolved-symbols=ignore-in-object-files -Wl,--print-memory-usage   -o CMakeFiles/cmTC_abced.dir/src.c.obj   -c /home/lt/zephyrproject2.1/zephyr/samples/gui/lvgl/build/CMakeFiles/CMakeTmp/src.c
clang-9: warning: -Wl,--unresolved-symbols=ignore-in-object-files: 'linker' input unused [-Wunused-command-line-argument]
clang-9: warning: -Wl,--print-memory-usage: 'linker' input unused [-Wunused-command-line-argument]
clang-9: warning: argument unused during compilation: '-nostartfiles' [-Wunused-command-line-argument]
Linking C executable cmTC_abced
/usr/local/bin/cmake -E cmake_link_script CMakeFiles/cmTC_abced.dir/link.txt --verbose=1
/usr/local/src/llvm/build/bin/clang --target=i686-pc-none-elf  -Dcheck_C__nostartfiles__nostdlib__isystem__usr_local_src_llvm_build_lib_clang_9_0_0_include__isystem__usr_lib_gcc_x86_64_linux_gnu_7_5_0_include_fixed__Wl___unresolved_symbols_ignore_in_object_files__Wl___print_memory_usage -nostartfiles -nostdlib -isystem /usr/local/src/llvm/build/lib/clang/9.0.0/include -isystem /usr/lib/gcc/x86_64-linux-gnu/7.5.0/include-fixed -Wl,--unresolved-symbols=ignore-in-object-files -Wl,--print-memory-usage    CMakeFiles/cmTC_abced.dir/src.c.obj  -o cmTC_abced 
Memory region         Used Size  Region Size  %age Used/usr/bin/ld: warning: cannot find entry symbol _start; defaulting to 00000000000001a0

make[1]: Leaving directory '/home/lt/zephyrproject2.1/zephyr/samples/gui/lvgl/build/CMakeFiles/CMakeTmp'


Source file was:
int main(void) { return 0; }
